[1014/210004.655:ERROR:process_memory_win.cc(73)] ReadMemory at 0x27d92a3d9f0 of 72 bytes failed: 仅完成部分的 ReadProcessMemory 或 WriteProcessMemory 请求。 (0x12B)
[1014/210004.657:WARNING:pe_image_annotations_reader.cc(134)] could not read annotations list object in C:\Program Files (x86)\Microsoft\Edge\Application\84.0.522.59\msedge_elf.dll
[1014/210004.657:ERROR:process_memory_win.cc(73)] ReadMemory at 0x27d92a7ab10 of 72 bytes failed: 仅完成部分的 ReadProcessMemory 或 WriteProcessMemory 请求。 (0x12B)
[1014/210004.657:WARNING:pe_image_annotations_reader.cc(134)] could not read annotations list object in C:\Program Files (x86)\Microsoft\Edge\Application\84.0.522.59\msedge.dll
[1014/210004.658:ERROR:process_memory_win.cc(73)] ReadMemory at 0x27d92a3d9f0 of 72 bytes failed: 仅完成部分的 ReadProcessMemory 或 WriteProcessMemory 请求。 (0x12B)
[1014/210004.659:WARNING:pe_image_annotations_reader.cc(134)] could not read annotations list object in C:\Program Files (x86)\Microsoft\Edge\Application\84.0.522.59\msedge_elf.dll
[1014/210004.659:ERROR:process_memory_win.cc(73)] ReadMemory at 0x27d92a7ab10 of 72 bytes failed: 仅完成部分的 ReadProcessMemory 或 WriteProcessMemory 请求。 (0x12B)
[1014/210004.659:WARNING:pe_image_annotations_reader.cc(134)] could not read annotations list object in C:\Program Files (x86)\Microsoft\Edge\Application\84.0.522.59\msedge.dll
[1014/210004.667:ERROR:minidumpwritedump_with_crashpad_info.cc(435)] Failed to call MiniDumpWriteDump: 仅完成部分的 ReadProcessMemory 或 WriteProcessMemory 请求。 (0x8007012B)
[1014/210004.667:ERROR:minidumpwritedump_with_crashpad_info.cc(592)] Failed to write minidump file
[1014/210004.667:ERROR:crash_report_exception_handler.cc(132)] TryMiniDumpWriteDumpWithCrashpadInfo failed
[1014/210004.668:ERROR:process_memory_win.cc(73)] ReadMemory at 0x7ff61c5a0000 of 64 bytes failed: 仅完成部分的 ReadProcessMemory 或 WriteProcessMemory 请求。 (0x12B)
[1014/210004.668:WARNING:pe_image_reader.cc(340)] could not read dos header from C:\Program Files (x86)\Microsoft\Edge\Application\msedge.exe
[1014/210004.669:ERROR:process_memory_win.cc(73)] ReadMemory at 0x7ffb174ff000 of 16 bytes failed: 仅完成部分的 ReadProcessMemory 或 WriteProcessMemory 请求。 (0x12B)
[1014/210004.669:WARNING:pe_image_resource_reader.cc(241)] could not read resource directory from C:\WINDOWS\SYSTEM32\ntdll.dll resources
[1014/210004.670:ERROR:process_memory_win.cc(73)] ReadMemory at 0x7ffb16970000 of 64 bytes failed: 仅完成部分的 ReadProcessMemory 或 WriteProcessMemory 请求。 (0x12B)
[1014/210004.670:WARNING:pe_image_reader.cc(340)] could not read dos header from C:\WINDOWS\System32\KERNEL32.DLL
[1014/210004.670:ERROR:process_memory_win.cc(73)] ReadMemory at 0x7ffb14de0000 of 64 bytes failed: 仅完成部分的 ReadProcessMemory 或 WriteProcessMemory 请求。 (0x12B)
[1014/210004.670:WARNING:pe_image_reader.cc(340)] could not read dos header from C:\WINDOWS\System32\KERNELBASE.dll
[1014/210004.670:ERROR:process_memory_win.cc(73)] ReadMemory at 0x7ffacc1c0000 of 64 bytes failed: 仅完成部分的 ReadProcessMemory 或 WriteProcessMemory 请求。 (0x12B)
[1014/210004.670:WARNING:pe_image_reader.cc(340)] could not read dos header from C:\Program Files (x86)\Microsoft\Edge\Application\84.0.522.59\msedge_elf.dll
[1014/210004.670:ERROR:process_memory_win.cc(73)] ReadMemory at 0x7ffb15090000 of 64 bytes failed: 仅完成部分的 ReadProcessMemory 或 WriteProcessMemory 请求。 (0x12B)
[1014/210004.670:WARNING:pe_image_reader.cc(340)] could not read dos header from C:\WINDOWS\System32\bcryptPrimitives.dll
[1014/210004.670:ERROR:process_memory_win.cc(73)] ReadMemory at 0x7ffb16fd0000 of 64 bytes failed: 仅完成部分的 ReadProcessMemory 或 WriteProcessMemory 请求。 (0x12B)
[1014/210004.670:WARNING:pe_image_reader.cc(340)] could not read dos header from C:\WINDOWS\System32\ADVAPI32.dll
[1014/210004.670:ERROR:process_memory_win.cc(73)] ReadMemory at 0x7ffb15e30000 of 64 bytes failed: 仅完成部分的 ReadProcessMemory 或 WriteProcessMemory 请求。 (0x12B)
[1014/210004.670:WARNING:pe_image_reader.cc(340)] could not read dos header from C:\WINDOWS\System32\msvcrt.dll
[1014/210004.670:ERROR:process_memory_win.cc(73)] ReadMemory at 0x7ffb15430000 of 64 bytes failed: 仅完成部分的 ReadProcessMemory 或 WriteProcessMemory 请求。 (0x12B)
[1014/210004.670:WARNING:pe_image_reader.cc(340)] could not read dos header from C:\WINDOWS\System32\sechost.dll
[1014/210004.670:ERROR:process_memory_win.cc(73)] ReadMemory at 0x7ffb154f0000 of 64 bytes failed: 仅完成部分的 ReadProcessMemory 或 WriteProcessMemory 请求。 (0x12B)
[1014/210004.670:WARNING:pe_image_reader.cc(340)] could not read dos header from C:\WINDOWS\System32\RPCRT4.dll
[1014/210004.670:ERROR:process_memory_win.cc(73)] ReadMemory at 0x7ffb172d0000 of 64 bytes failed: 仅完成部分的 ReadProcessMemory 或 WriteProcessMemory 请求。 (0x12B)
[1014/210004.670:WARNING:pe_image_reader.cc(340)] could not read dos header from C:\WINDOWS\System32\WS2_32.dll
[1014/210004.670:ERROR:process_memory_win.cc(73)] ReadMemory at 0x7ffb165c0000 of 64 bytes failed: 仅完成部分的 ReadProcessMemory 或 WriteProcessMemory 请求。 (0x12B)
[1014/210004.670:WARNING:pe_image_reader.cc(340)] could not read dos header from C:\WINDOWS\System32\OLEAUT32.dll
[1014/210004.670:ERROR:process_memory_win.cc(73)] ReadMemory at 0x7ffb14310000 of 64 bytes failed: 仅完成部分的 ReadProcessMemory 或 WriteProcessMemory 请求。 (0x12B)
[1014/210004.670:WARNING:pe_image_reader.cc(340)] could not read dos header from C:\WINDOWS\System32\msvcp_win.dll
[1014/210004.670:ERROR:process_memory_win.cc(73)] ReadMemory at 0x7ffb143b0000 of 64 bytes failed: 仅完成部分的 ReadProcessMemory 或 WriteProcessMemory 请求。 (0x12B)
[1014/210004.670:WARNING:pe_image_reader.cc(340)] could not read dos header from C:\WINDOWS\System32\ucrtbase.dll
[1014/210004.670:ERROR:process_memory_win.cc(73)] ReadMemory at 0x7ffb15a90000 of 64 bytes failed: 仅完成部分的 ReadProcessMemory 或 WriteProcessMemory 请求。 (0x12B)
[1014/210004.670:WARNING:pe_image_reader.cc(340)] could not read dos header from C:\WINDOWS\System32\combase.dll
[1014/210004.670:ERROR:process_memory_win.cc(73)] ReadMemory at 0x7ffb145b0000 of 64 bytes failed: 仅完成部分的 ReadProcessMemory 或 WriteProcessMemory 请求。 (0x12B)
[1014/210004.670:WARNING:pe_image_reader.cc(340)] could not read dos header from C:\WINDOWS\System32\WINTRUST.dll
[1014/210004.670:ERROR:process_memory_win.cc(73)] ReadMemory at 0x7ffb142f0000 of 64 bytes failed: 仅完成部分的 ReadProcessMemory 或 WriteProcessMemory 请求。 (0x12B)
[1014/210004.670:WARNING:pe_image_reader.cc(340)] could not read dos header from C:\WINDOWS\System32\MSASN1.dll
[1014/210004.670:ERROR:process_memory_win.cc(73)] ReadMemory at 0x7ffb152e0000 of 64 bytes failed: 仅完成部分的 ReadProcessMemory 或 WriteProcessMemory 请求。 (0x12B)
[1014/210004.670:WARNING:pe_image_reader.cc(340)] could not read dos header from C:\WINDOWS\System32\CRYPT32.dll
[1014/210004.670:ERROR:process_memory_win.cc(73)] ReadMemory at 0x7ffb137a0000 of 64 bytes failed: 仅完成部分的 ReadProcessMemory 或 WriteProcessMemory 请求。 (0x12B)
[1014/210004.670:WARNING:pe_image_reader.cc(340)] could not read dos header from C:\WINDOWS\SYSTEM32\IPHLPAPI.DLL
[1014/210004.671:ERROR:process_memory_win.cc(73)] ReadMemory at 0x7ffb11300000 of 64 bytes failed: 仅完成部分的 ReadProcessMemory 或 WriteProcessMemory 请求。 (0x12B)
[1014/210004.671:WARNING:pe_image_reader.cc(340)] could not read dos header from C:\WINDOWS\SYSTEM32\WINMM.dll
[1014/210004.671:ERROR:process_memory_win.cc(73)] ReadMemory at 0x7ffb094b0000 of 64 bytes failed: 仅完成部分的 ReadProcessMemory 或 WriteProcessMemory 请求。 (0x12B)
[1014/210004.671:WARNING:pe_image_reader.cc(340)] could not read dos header from C:\WINDOWS\SYSTEM32\Secur32.dll
[1014/210004.671:ERROR:process_memory_win.cc(73)] ReadMemory at 0x7ffb14160000 of 64 bytes failed: 仅完成部分的 ReadProcessMemory 或 WriteProcessMemory 请求。 (0x12B)
[1014/210004.671:WARNING:pe_image_reader.cc(340)] could not read dos header from C:\WINDOWS\SYSTEM32\USERENV.dll
[1014/210004.671:ERROR:process_memory_win.cc(73)] ReadMemory at 0x7ffb142c0000 of 64 bytes failed: 仅完成部分的 ReadProcessMemory 或 WriteProcessMemory 请求。 (0x12B)
[1014/210004.671:WARNING:pe_image_reader.cc(340)] could not read dos header from C:\WINDOWS\System32\profapi.dll
[1014/210004.671:ERROR:process_memory_win.cc(73)] ReadMemory at 0x7ffaefbe0000 of 64 bytes failed: 仅完成部分的 ReadProcessMemory 或 WriteProcessMemory 请求。 (0x12B)
[1014/210004.671:WARNING:pe_image_reader.cc(340)] could not read dos header from C:\WINDOWS\SYSTEM32\UIAutomationCore.DLL
[1014/210004.671:ERROR:process_memory_win.cc(73)] ReadMemory at 0x7ffb0d300000 of 64 bytes failed: 仅完成部分的 ReadProcessMemory 或 WriteProcessMemory 请求。 (0x12B)
[1014/210004.671:WARNING:pe_image_reader.cc(340)] could not read dos header from C:\WINDOWS\SYSTEM32\WINHTTP.dll
[1014/210004.671:ERROR:process_memory_win.cc(73)] ReadMemory at 0x7ffb12580000 of 64 bytes failed: 仅完成部分的 ReadProcessMemory 或 WriteProcessMemory 请求。 (0x12B)
[1014/210004.671:WARNING:pe_image_reader.cc(340)] could not read dos header from C:\WINDOWS\SYSTEM32\DWrite.dll
[1014/210004.671:ERROR:process_memory_win.cc(73)] ReadMemory at 0x7ffaff7c0000 of 64 bytes failed: 仅完成部分的 ReadProcessMemory 或 WriteProcessMemory 请求。 (0x12B)
[1014/210004.671:WARNING:pe_image_reader.cc(340)] could not read dos header from C:\WINDOWS\SYSTEM32\WINSPOOL.DRV
[1014/210004.671:ERROR:process_memory_win.cc(73)] ReadMemory at 0x7ffb14250000 of 64 bytes failed: 仅完成部分的 ReadProcessMemory 或 WriteProcessMemory 请求。 (0x12B)
[1014/210004.671:WARNING:pe_image_reader.cc(340)] could not read dos header from C:\WINDOWS\System32\kernel.appcore.dll
[1014/210004.671:ERROR:process_memory_win.cc(73)] ReadMemory at 0x7ffb15110000 of 64 bytes failed: 仅完成部分的 ReadProcessMemory 或 WriteProcessMemory 请求。 (0x12B)
[1014/210004.671:WARNING:pe_image_reader.cc(340)] could not read dos header from C:\WINDOWS\System32\bcrypt.dll
[1014/210004.671:ERROR:process_memory_win.cc(73)] ReadMemory at 0x7ffb12980000 of 64 bytes failed: 仅完成部分的 ReadProcessMemory 或 WriteProcessMemory 请求。 (0x12B)
[1014/210004.671:WARNING:pe_image_reader.cc(340)] could not read dos header from C:\WINDOWS\SYSTEM32\dbghelp.dll
[1014/210004.671:ERROR:process_memory_win.cc(73)] ReadMemory at 0x7ffb13d60000 of 64 bytes failed: 仅完成部分的 ReadProcessMemory 或 WriteProcessMemory 请求。 (0x12B)
[1014/210004.671:WARNING:pe_image_reader.cc(340)] could not read dos header from C:\WINDOWS\SYSTEM32\ncrypt.dll
[1014/210004.671:ERROR:process_memory_win.cc(73)] ReadMemory at 0x7ffb0e430000 of 64 bytes failed: 仅完成部分的 ReadProcessMemory 或 WriteProcessMemory 请求。 (0x12B)
[1014/210004.671:WARNING:pe_image_reader.cc(340)] could not read dos header from C:\WINDOWS\SYSTEM32\dhcpcsvc.DLL
[1014/210004.671:ERROR:process_memory_win.cc(73)] ReadMemory at 0x7ffb16840000 of 64 bytes failed: 仅完成部分的 ReadProcessMemory 或 WriteProcessMemory 请求。 (0x12B)
[1014/210004.671:WARNING:pe_image_reader.cc(340)] could not read dos header from C:\WINDOWS\System32\NSI.dll
[1014/210004.671:ERROR:process_memory_win.cc(73)] ReadMemory at 0x7ffb111b0000 of 64 bytes failed: 仅完成部分的 ReadProcessMemory 或 WriteProcessMemory 请求。 (0x12B)
[1014/210004.671:WARNING:pe_image_reader.cc(340)] could not read dos header from C:\WINDOWS\SYSTEM32\WINMMBASE.dll
[1014/210004.671:ERROR:process_memory_win.cc(73)] ReadMemory at 0x7ffb144b0000 of 64 bytes failed: 仅完成部分的 ReadProcessMemory 或 WriteProcessMemory 请求。 (0x12B)
[1014/210004.671:WARNING:pe_image_reader.cc(340)] could not read dos header from C:\WINDOWS\System32\cfgmgr32.dll
[1014/210004.671:ERROR:process_memory_win.cc(73)] ReadMemory at 0x7ffb0fbb0000 of 64 bytes failed: 仅完成部分的 ReadProcessMemory 或 WriteProcessMemory 请求。 (0x12B)
[1014/210004.671:WARNING:pe_image_reader.cc(340)] could not read dos header from C:\WINDOWS\SYSTEM32\PROPSYS.dll
[1014/210004.672:ERROR:process_memory_win.cc(73)] ReadMemory at 0x7ffb158a0000 of 64 bytes failed: 仅完成部分的 ReadProcessMemory 或 WriteProcessMemory 请求。 (0x12B)
[1014/210004.672:WARNING:pe_image_reader.cc(340)] could not read dos header from C:\WINDOWS\System32\shcore.dll
[1014/210004.672:ERROR:process_memory_win.cc(73)] ReadMemory at 0x7ffb13d20000 of 64 bytes failed: 仅完成部分的 ReadProcessMemory 或 WriteProcessMemory 请求。 (0x12B)
[1014/210004.672:WARNING:pe_image_reader.cc(340)] could not read dos header from C:\WINDOWS\SYSTEM32\NTASN1.dll
[1014/210004.672:ERROR:process_memory_win.cc(73)] ReadMemory at 0x7ffb14120000 of 64 bytes failed: 仅完成部分的 ReadProcessMemory 或 WriteProcessMemory 请求。 (0x12B)
[1014/210004.672:WARNING:pe_image_reader.cc(340)] could not read dos header from C:\WINDOWS\SYSTEM32\SSPICLI.DLL
[1014/210004.672:ERROR:process_memory_win.cc(73)] ReadMemory at 0x7ffb13c60000 of 64 bytes failed: 仅完成部分的 ReadProcessMemory 或 WriteProcessMemory 请求。 (0x12B)
[1014/210004.672:WARNING:pe_image_reader.cc(340)] could not read dos header from C:\WINDOWS\SYSTEM32\CRYPTBASE.DLL
[1014/210004.672:ERROR:process_memory_win.cc(73)] ReadMemory at 0x7ff61c5a0000 of 64 bytes failed: 仅完成部分的 ReadProcessMemory 或 WriteProcessMemory 请求。 (0x12B)
[1014/210004.672:WARNING:pe_image_reader.cc(340)] could not read dos header from C:\Program Files (x86)\Microsoft\Edge\Application\msedge.exe
[1014/210004.672:ERROR:process_memory_win.cc(73)] ReadMemory at 0x7ff61c5a0000 of 64 bytes failed: 仅完成部分的 ReadProcessMemory 或 WriteProcessMemory 请求。 (0x12B)
[1014/210004.672:WARNING:pe_image_reader.cc(340)] could not read dos header from C:\Program Files (x86)\Microsoft\Edge\Application\msedge.exe
[1014/210004.672:ERROR:process_memory_win.cc(73)] ReadMemory at 0x7ffb17380000 of 64 bytes failed: 仅完成部分的 ReadProcessMemory 或 WriteProcessMemory 请求。 (0x12B)
[1014/210004.672:WARNING:pe_image_reader.cc(340)] could not read dos header from C:\WINDOWS\SYSTEM32\ntdll.dll
[1014/210004.672:ERROR:process_memory_win.cc(73)] ReadMemory at 0x7ffb17380000 of 64 bytes failed: 仅完成部分的 ReadProcessMemory 或 WriteProcessMemory 请求。 (0x12B)
[1014/210004.672:WARNING:pe_image_reader.cc(340)] could not read dos header from C:\WINDOWS\SYSTEM32\ntdll.dll
[1014/210004.672:ERROR:process_memory_win.cc(73)] ReadMemory at 0x7ffb16970000 of 64 bytes failed: 仅完成部分的 ReadProcessMemory 或 WriteProcessMemory 请求。 (0x12B)
[1014/210004.672:WARNING:pe_image_reader.cc(340)] could not read dos header from C:\WINDOWS\System32\KERNEL32.DLL
[1014/210004.672:ERROR:process_memory_win.cc(73)] ReadMemory at 0x7ffb16970000 of 64 bytes failed: 仅完成部分的 ReadProcessMemory 或 WriteProcessMemory 请求。 (0x12B)
[1014/210004.672:WARNING:pe_image_reader.cc(340)] could not read dos header from C:\WINDOWS\System32\KERNEL32.DLL
[1014/210004.672:ERROR:process_memory_win.cc(73)] ReadMemory at 0x7ffb14de0000 of 64 bytes failed: 仅完成部分的 ReadProcessMemory 或 WriteProcessMemory 请求。 (0x12B)
[1014/210004.672:WARNING:pe_image_reader.cc(340)] could not read dos header from C:\WINDOWS\System32\KERNELBASE.dll
[1014/210004.672:ERROR:process_memory_win.cc(73)] ReadMemory at 0x7ffb14de0000 of 64 bytes failed: 仅完成部分的 ReadProcessMemory 或 WriteProcessMemory 请求。 (0x12B)
[1014/210004.672:WARNING:pe_image_reader.cc(340)] could not read dos header from C:\WINDOWS\System32\KERNELBASE.dll
[1014/210004.672:ERROR:process_memory_win.cc(73)] ReadMemory at 0x7ffacc1c0000 of 64 bytes failed: 仅完成部分的 ReadProcessMemory 或 WriteProcessMemory 请求。 (0x12B)
[1014/210004.672:WARNING:pe_image_reader.cc(340)] could not read dos header from C:\Program Files (x86)\Microsoft\Edge\Application\84.0.522.59\msedge_elf.dll
[1014/210004.672:ERROR:process_memory_win.cc(73)] ReadMemory at 0x7ffacc1c0000 of 64 bytes failed: 仅完成部分的 ReadProcessMemory 或 WriteProcessMemory 请求。 (0x12B)
[1014/210004.672:WARNING:pe_image_reader.cc(340)] could not read dos header from C:\Program Files (x86)\Microsoft\Edge\Application\84.0.522.59\msedge_elf.dll
[1014/210004.672:ERROR:process_memory_win.cc(73)] ReadMemory at 0x7ffb15090000 of 64 bytes failed: 仅完成部分的 ReadProcessMemory 或 WriteProcessMemory 请求。 (0x12B)
[1014/210004.672:WARNING:pe_image_reader.cc(340)] could not read dos header from C:\WINDOWS\System32\bcryptPrimitives.dll
[1014/210004.672:ERROR:process_memory_win.cc(73)] ReadMemory at 0x7ffb15090000 of 64 bytes failed: 仅完成部分的 ReadProcessMemory 或 WriteProcessMemory 请求。 (0x12B)
[1014/210004.672:WARNING:pe_image_reader.cc(340)] could not read dos header from C:\WINDOWS\System32\bcryptPrimitives.dll
[1014/210004.673:ERROR:process_memory_win.cc(73)] ReadMemory at 0x7ffb16fd0000 of 64 bytes failed: 仅完成部分的 ReadProcessMemory 或 WriteProcessMemory 请求。 (0x12B)
[1014/210004.673:WARNING:pe_image_reader.cc(340)] could not read dos header from C:\WINDOWS\System32\ADVAPI32.dll
[1014/210004.673:ERROR:process_memory_win.cc(73)] ReadMemory at 0x7ffb16fd0000 of 64 bytes failed: 仅完成部分的 ReadProcessMemory 或 WriteProcessMemory 请求。 (0x12B)
[1014/210004.673:WARNING:pe_image_reader.cc(340)] could not read dos header from C:\WINDOWS\System32\ADVAPI32.dll
[1014/210004.673:ERROR:process_memory_win.cc(73)] ReadMemory at 0x7ffb15e30000 of 64 bytes failed: 仅完成部分的 ReadProcessMemory 或 WriteProcessMemory 请求。 (0x12B)
[1014/210004.673:WARNING:pe_image_reader.cc(340)] could not read dos header from C:\WINDOWS\System32\msvcrt.dll
[1014/210004.673:ERROR:process_memory_win.cc(73)] ReadMemory at 0x7ffb15e30000 of 64 bytes failed: 仅完成部分的 ReadProcessMemory 或 WriteProcessMemory 请求。 (0x12B)
[1014/210004.673:WARNING:pe_image_reader.cc(340)] could not read dos header from C:\WINDOWS\System32\msvcrt.dll
[1014/210004.673:ERROR:process_memory_win.cc(73)] ReadMemory at 0x7ffb15430000 of 64 bytes failed: 仅完成部分的 ReadProcessMemory 或 WriteProcessMemory 请求。 (0x12B)
[1014/210004.673:WARNING:pe_image_reader.cc(340)] could not read dos header from C:\WINDOWS\System32\sechost.dll
[1014/210004.673:ERROR:process_memory_win.cc(73)] ReadMemory at 0x7ffb15430000 of 64 bytes failed: 仅完成部分的 ReadProcessMemory 或 WriteProcessMemory 请求。 (0x12B)
[1014/210004.673:WARNING:pe_image_reader.cc(340)] could not read dos header from C:\WINDOWS\System32\sechost.dll
[1014/210004.673:ERROR:process_memory_win.cc(73)] ReadMemory at 0x7ffb154f0000 of 64 bytes failed: 仅完成部分的 ReadProcessMemory 或 WriteProcessMemory 请求。 (0x12B)
[1014/210004.673:WARNING:pe_image_reader.cc(340)] could not read dos header from C:\WINDOWS\System32\RPCRT4.dll
[1014/210004.673:ERROR:process_memory_win.cc(73)] ReadMemory at 0x7ffb154f0000 of 64 bytes failed: 仅完成部分的 ReadProcessMemory 或 WriteProcessMemory 请求。 (0x12B)
[1014/210004.673:WARNING:pe_image_reader.cc(340)] could not read dos header from C:\WINDOWS\System32\RPCRT4.dll
[1014/210004.673:ERROR:process_memory_win.cc(73)] ReadMemory at 0x7ffaac4f0000 of 64 bytes failed: 仅完成部分的 ReadProcessMemory 或 WriteProcessMemory 请求。 (0x12B)
[1014/210004.673:WARNING:pe_image_reader.cc(340)] could not read dos header from C:\Program Files (x86)\Microsoft\Edge\Application\84.0.522.59\msedge.dll
[1014/210004.673:ERROR:process_memory_win.cc(73)] ReadMemory at 0x7ffaac4f0000 of 64 bytes failed: 仅完成部分的 ReadProcessMemory 或 WriteProcessMemory 请求。 (0x12B)
[1014/210004.673:WARNING:pe_image_reader.cc(340)] could not read dos header from C:\Program Files (x86)\Microsoft\Edge\Application\84.0.522.59\msedge.dll
[1014/210004.673:ERROR:process_memory_win.cc(73)] ReadMemory at 0x7ffb172d0000 of 64 bytes failed: 仅完成部分的 ReadProcessMemory 或 WriteProcessMemory 请求。 (0x12B)
[1014/210004.673:WARNING:pe_image_reader.cc(340)] could not read dos header from C:\WINDOWS\System32\WS2_32.dll
[1014/210004.673:ERROR:process_memory_win.cc(73)] ReadMemory at 0x7ffb172d0000 of 64 bytes failed: 仅完成部分的 ReadProcessMemory 或 WriteProcessMemory 请求。 (0x12B)
[1014/210004.673:WARNING:pe_image_reader.cc(340)] could not read dos header from C:\WINDOWS\System32\WS2_32.dll
[1014/210004.673:ERROR:process_memory_win.cc(73)] ReadMemory at 0x7ffb165c0000 of 64 bytes failed: 仅完成部分的 ReadProcessMemory 或 WriteProcessMemory 请求。 (0x12B)
[1014/210004.673:WARNING:pe_image_reader.cc(340)] could not read dos header from C:\WINDOWS\System32\OLEAUT32.dll
[1014/210004.673:ERROR:process_memory_win.cc(73)] ReadMemory at 0x7ffb165c0000 of 64 bytes failed: 仅完成部分的 ReadProcessMemory 或 WriteProcessMemory 请求。 (0x12B)
[1014/210004.673:WARNING:pe_image_reader.cc(340)] could not read dos header from C:\WINDOWS\System32\OLEAUT32.dll
[1014/210004.673:ERROR:process_memory_win.cc(73)] ReadMemory at 0x7ffb14310000 of 64 bytes failed: 仅完成部分的 ReadProcessMemory 或 WriteProcessMemory 请求。 (0x12B)
[1014/210004.673:WARNING:pe_image_reader.cc(340)] could not read dos header from C:\WINDOWS\System32\msvcp_win.dll
[1014/210004.673:ERROR:process_memory_win.cc(73)] ReadMemory at 0x7ffb14310000 of 64 bytes failed: 仅完成部分的 ReadProcessMemory 或 WriteProcessMemory 请求。 (0x12B)
[1014/210004.673:WARNING:pe_image_reader.cc(340)] could not read dos header from C:\WINDOWS\System32\msvcp_win.dll
[1014/210004.673:ERROR:process_memory_win.cc(73)] ReadMemory at 0x7ffb143b0000 of 64 bytes failed: 仅完成部分的 ReadProcessMemory 或 WriteProcessMemory 请求。 (0x12B)
[1014/210004.673:WARNING:pe_image_reader.cc(340)] could not read dos header from C:\WINDOWS\System32\ucrtbase.dll
[1014/210004.673:ERROR:process_memory_win.cc(73)] ReadMemory at 0x7ffb143b0000 of 64 bytes failed: 仅完成部分的 ReadProcessMemory 或 WriteProcessMemory 请求。 (0x12B)
[1014/210004.673:WARNING:pe_image_reader.cc(340)] could not read dos header from C:\WINDOWS\System32\ucrtbase.dll
[1014/210004.673:ERROR:process_memory_win.cc(73)] ReadMemory at 0x7ffb15a90000 of 64 bytes failed: 仅完成部分的 ReadProcessMemory 或 WriteProcessMemory 请求。 (0x12B)
[1014/210004.674:WARNING:pe_image_reader.cc(340)] could not read dos header from C:\WINDOWS\System32\combase.dll
[1014/210004.674:ERROR:process_memory_win.cc(73)] ReadMemory at 0x7ffb15a90000 of 64 bytes failed: 仅完成部分的 ReadProcessMemory 或 WriteProcessMemory 请求。 (0x12B)
[1014/210004.674:WARNING:pe_image_reader.cc(340)] could not read dos header from C:\WINDOWS\System32\combase.dll
[1014/210004.674:ERROR:process_memory_win.cc(73)] ReadMemory at 0x7ffb145b0000 of 64 bytes failed: 仅完成部分的 ReadProcessMemory 或 WriteProcessMemory 请求。 (0x12B)
[1014/210004.674:WARNING:pe_image_reader.cc(340)] could not read dos header from C:\WINDOWS\System32\WINTRUST.dll
[1014/210004.674:ERROR:process_memory_win.cc(73)] ReadMemory at 0x7ffb145b0000 of 64 bytes failed: 仅完成部分的 ReadProcessMemory 或 WriteProcessMemory 请求。 (0x12B)
[1014/210004.674:WARNING:pe_image_reader.cc(340)] could not read dos header from C:\WINDOWS\System32\WINTRUST.dll
[1014/210004.674:ERROR:process_memory_win.cc(73)] ReadMemory at 0x7ffb142f0000 of 64 bytes failed: 仅完成部分的 ReadProcessMemory 或 WriteProcessMemory 请求。 (0x12B)
[1014/210004.674:WARNING:pe_image_reader.cc(340)] could not read dos header from C:\WINDOWS\System32\MSASN1.dll
[1014/210004.674:ERROR:process_memory_win.cc(73)] ReadMemory at 0x7ffb142f0000 of 64 bytes failed: 仅完成部分的 ReadProcessMemory 或 WriteProcessMemory 请求。 (0x12B)
[1014/210004.674:WARNING:pe_image_reader.cc(340)] could not read dos header from C:\WINDOWS\System32\MSASN1.dll
[1014/210004.674:ERROR:process_memory_win.cc(73)] ReadMemory at 0x7ffb152e0000 of 64 bytes failed: 仅完成部分的 ReadProcessMemory 或 WriteProcessMemory 请求。 (0x12B)
[1014/210004.674:WARNING:pe_image_reader.cc(340)] could not read dos header from C:\WINDOWS\System32\CRYPT32.dll
[1014/210004.674:ERROR:process_memory_win.cc(73)] ReadMemory at 0x7ffb152e0000 of 64 bytes failed: 仅完成部分的 ReadProcessMemory 或 WriteProcessMemory 请求。 (0x12B)
[1014/210004.674:WARNING:pe_image_reader.cc(340)] could not read dos header from C:\WINDOWS\System32\CRYPT32.dll
[1014/210004.674:ERROR:process_memory_win.cc(73)] ReadMemory at 0x7ffb137a0000 of 64 bytes failed: 仅完成部分的 ReadProcessMemory 或 WriteProcessMemory 请求。 (0x12B)
[1014/210004.674:WARNING:pe_image_reader.cc(340)] could not read dos header from C:\WINDOWS\SYSTEM32\IPHLPAPI.DLL
[1014/210004.674:ERROR:process_memory_win.cc(73)] ReadMemory at 0x7ffb137a0000 of 64 bytes failed: 仅完成部分的 ReadProcessMemory 或 WriteProcessMemory 请求。 (0x12B)
[1014/210004.674:WARNING:pe_image_reader.cc(340)] could not read dos header from C:\WINDOWS\SYSTEM32\IPHLPAPI.DLL
[1014/210004.674:ERROR:process_memory_win.cc(73)] ReadMemory at 0x7ffb11300000 of 64 bytes failed: 仅完成部分的 ReadProcessMemory 或 WriteProcessMemory 请求。 (0x12B)
[1014/210004.674:WARNING:pe_image_reader.cc(340)] could not read dos header from C:\WINDOWS\SYSTEM32\WINMM.dll
[1014/210004.674:ERROR:process_memory_win.cc(73)] ReadMemory at 0x7ffb11300000 of 64 bytes failed: 仅完成部分的 ReadProcessMemory 或 WriteProcessMemory 请求。 (0x12B)
[1014/210004.674:WARNING:pe_image_reader.cc(340)] could not read dos header from C:\WINDOWS\SYSTEM32\WINMM.dll
[1014/210004.674:ERROR:process_memory_win.cc(73)] ReadMemory at 0x7ffb094b0000 of 64 bytes failed: 仅完成部分的 ReadProcessMemory 或 WriteProcessMemory 请求。 (0x12B)
[1014/210004.674:WARNING:pe_image_reader.cc(340)] could not read dos header from C:\WINDOWS\SYSTEM32\Secur32.dll
[1014/210004.674:ERROR:process_memory_win.cc(73)] ReadMemory at 0x7ffb094b0000 of 64 bytes failed: 仅完成部分的 ReadProcessMemory 或 WriteProcessMemory 请求。 (0x12B)
[1014/210004.674:WARNING:pe_image_reader.cc(340)] could not read dos header from C:\WINDOWS\SYSTEM32\Secur32.dll
[1014/210004.674:ERROR:process_memory_win.cc(73)] ReadMemory at 0x7ffb14160000 of 64 bytes failed: 仅完成部分的 ReadProcessMemory 或 WriteProcessMemory 请求。 (0x12B)
[1014/210004.674:WARNING:pe_image_reader.cc(340)] could not read dos header from C:\WINDOWS\SYSTEM32\USERENV.dll
[1014/210004.674:ERROR:process_memory_win.cc(73)] ReadMemory at 0x7ffb14160000 of 64 bytes failed: 仅完成部分的 ReadProcessMemory 或 WriteProcessMemory 请求。 (0x12B)
[1014/210004.674:WARNING:pe_image_reader.cc(340)] could not read dos header from C:\WINDOWS\SYSTEM32\USERENV.dll
[1014/210004.674:ERROR:process_memory_win.cc(73)] ReadMemory at 0x7ffb142c0000 of 64 bytes failed: 仅完成部分的 ReadProcessMemory 或 WriteProcessMemory 请求。 (0x12B)
[1014/210004.674:WARNING:pe_image_reader.cc(340)] could not read dos header from C:\WINDOWS\System32\profapi.dll
[1014/210004.675:ERROR:process_memory_win.cc(73)] ReadMemory at 0x7ffb142c0000 of 64 bytes failed: 仅完成部分的 ReadProcessMemory 或 WriteProcessMemory 请求。 (0x12B)
[1014/210004.675:WARNING:pe_image_reader.cc(340)] could not read dos header from C:\WINDOWS\System32\profapi.dll
[1014/210004.675:ERROR:process_memory_win.cc(73)] ReadMemory at 0x7ffaefbe0000 of 64 bytes failed: 仅完成部分的 ReadProcessMemory 或 WriteProcessMemory 请求。 (0x12B)
[1014/210004.675:WARNING:pe_image_reader.cc(340)] could not read dos header from C:\WINDOWS\SYSTEM32\UIAutomationCore.DLL
[1014/210004.675:ERROR:process_memory_win.cc(73)] ReadMemory at 0x7ffaefbe0000 of 64 bytes failed: 仅完成部分的 ReadProcessMemory 或 WriteProcessMemory 请求。 (0x12B)
[1014/210004.675:WARNING:pe_image_reader.cc(340)] could not read dos header from C:\WINDOWS\SYSTEM32\UIAutomationCore.DLL
[1014/210004.675:ERROR:process_memory_win.cc(73)] ReadMemory at 0x7ffb0d300000 of 64 bytes failed: 仅完成部分的 ReadProcessMemory 或 WriteProcessMemory 请求。 (0x12B)
[1014/210004.675:WARNING:pe_image_reader.cc(340)] could not read dos header from C:\WINDOWS\SYSTEM32\WINHTTP.dll
[1014/210004.675:ERROR:process_memory_win.cc(73)] ReadMemory at 0x7ffb0d300000 of 64 bytes failed: 仅完成部分的 ReadProcessMemory 或 WriteProcessMemory 请求。 (0x12B)
[1014/210004.675:WARNING:pe_image_reader.cc(340)] could not read dos header from C:\WINDOWS\SYSTEM32\WINHTTP.dll
[1014/210004.675:ERROR:process_memory_win.cc(73)] ReadMemory at 0x7ffb12580000 of 64 bytes failed: 仅完成部分的 ReadProcessMemory 或 WriteProcessMemory 请求。 (0x12B)
[1014/210004.675:WARNING:pe_image_reader.cc(340)] could not read dos header from C:\WINDOWS\SYSTEM32\DWrite.dll
[1014/210004.675:ERROR:process_memory_win.cc(73)] ReadMemory at 0x7ffb12580000 of 64 bytes failed: 仅完成部分的 ReadProcessMemory 或 WriteProcessMemory 请求。 (0x12B)
[1014/210004.675:WARNING:pe_image_reader.cc(340)] could not read dos header from C:\WINDOWS\SYSTEM32\DWrite.dll
[1014/210004.675:ERROR:process_memory_win.cc(73)] ReadMemory at 0x7ffaff7c0000 of 64 bytes failed: 仅完成部分的 ReadProcessMemory 或 WriteProcessMemory 请求。 (0x12B)
[1014/210004.675:WARNING:pe_image_reader.cc(340)] could not read dos header from C:\WINDOWS\SYSTEM32\WINSPOOL.DRV
[1014/210004.675:ERROR:process_memory_win.cc(73)] ReadMemory at 0x7ffaff7c0000 of 64 bytes failed: 仅完成部分的 ReadProcessMemory 或 WriteProcessMemory 请求。 (0x12B)
[1014/210004.675:WARNING:pe_image_reader.cc(340)] could not read dos header from C:\WINDOWS\SYSTEM32\WINSPOOL.DRV
[1014/210004.675:ERROR:process_memory_win.cc(73)] ReadMemory at 0x7ffb14250000 of 64 bytes failed: 仅完成部分的 ReadProcessMemory 或 WriteProcessMemory 请求。 (0x12B)
[1014/210004.675:WARNING:pe_image_reader.cc(340)] could not read dos header from C:\WINDOWS\System32\kernel.appcore.dll
[1014/210004.675:ERROR:process_memory_win.cc(73)] ReadMemory at 0x7ffb14250000 of 64 bytes failed: 仅完成部分的 ReadProcessMemory 或 WriteProcessMemory 请求。 (0x12B)
[1014/210004.675:WARNING:pe_image_reader.cc(340)] could not read dos header from C:\WINDOWS\System32\kernel.appcore.dll
[1014/210004.675:ERROR:process_memory_win.cc(73)] ReadMemory at 0x7ffb15110000 of 64 bytes failed: 仅完成部分的 ReadProcessMemory 或 WriteProcessMemory 请求。 (0x12B)
[1014/210004.675:WARNING:pe_image_reader.cc(340)] could not read dos header from C:\WINDOWS\System32\bcrypt.dll
[1014/210004.675:ERROR:process_memory_win.cc(73)] ReadMemory at 0x7ffb15110000 of 64 bytes failed: 仅完成部分的 ReadProcessMemory 或 WriteProcessMemory 请求。 (0x12B)
[1014/210004.675:WARNING:pe_image_reader.cc(340)] could not read dos header from C:\WINDOWS\System32\bcrypt.dll
[1014/210004.675:ERROR:process_memory_win.cc(73)] ReadMemory at 0x7ffb12980000 of 64 bytes failed: 仅完成部分的 ReadProcessMemory 或 WriteProcessMemory 请求。 (0x12B)
[1014/210004.675:WARNING:pe_image_reader.cc(340)] could not read dos header from C:\WINDOWS\SYSTEM32\dbghelp.dll
[1014/210004.675:ERROR:process_memory_win.cc(73)] ReadMemory at 0x7ffb12980000 of 64 bytes failed: 仅完成部分的 ReadProcessMemory 或 WriteProcessMemory 请求。 (0x12B)
[1014/210004.676:WARNING:pe_image_reader.cc(340)] could not read dos header from C:\WINDOWS\SYSTEM32\dbghelp.dll
[1014/210004.676:ERROR:process_memory_win.cc(73)] ReadMemory at 0x7ffb13d60000 of 64 bytes failed: 仅完成部分的 ReadProcessMemory 或 WriteProcessMemory 请求。 (0x12B)
[1014/210004.676:WARNING:pe_image_reader.cc(340)] could not read dos header from C:\WINDOWS\SYSTEM32\ncrypt.dll
[1014/210004.676:ERROR:process_memory_win.cc(73)] ReadMemory at 0x7ffb13d60000 of 64 bytes failed: 仅完成部分的 ReadProcessMemory 或 WriteProcessMemory 请求。 (0x12B)
[1014/210004.676:WARNING:pe_image_reader.cc(340)] could not read dos header from C:\WINDOWS\SYSTEM32\ncrypt.dll
[1014/210004.676:ERROR:process_memory_win.cc(73)] ReadMemory at 0x7ffb0e430000 of 64 bytes failed: 仅完成部分的 ReadProcessMemory 或 WriteProcessMemory 请求。 (0x12B)
[1014/210004.676:WARNING:pe_image_reader.cc(340)] could not read dos header from C:\WINDOWS\SYSTEM32\dhcpcsvc.DLL
[1014/210004.676:ERROR:process_memory_win.cc(73)] ReadMemory at 0x7ffb0e430000 of 64 bytes failed: 仅完成部分的 ReadProcessMemory 或 WriteProcessMemory 请求。 (0x12B)
[1014/210004.676:WARNING:pe_image_reader.cc(340)] could not read dos header from C:\WINDOWS\SYSTEM32\dhcpcsvc.DLL
[1014/210004.676:ERROR:process_memory_win.cc(73)] ReadMemory at 0x7ffb16840000 of 64 bytes failed: 仅完成部分的 ReadProcessMemory 或 WriteProcessMemory 请求。 (0x12B)
[1014/210004.676:WARNING:pe_image_reader.cc(340)] could not read dos header from C:\WINDOWS\System32\NSI.dll
[1014/210004.676:ERROR:process_memory_win.cc(73)] ReadMemory at 0x7ffb16840000 of 64 bytes failed: 仅完成部分的 ReadProcessMemory 或 WriteProcessMemory 请求。 (0x12B)
[1014/210004.676:WARNING:pe_image_reader.cc(340)] could not read dos header from C:\WINDOWS\System32\NSI.dll
[1014/210004.676:ERROR:process_memory_win.cc(73)] ReadMemory at 0x7ffb111b0000 of 64 bytes failed: 仅完成部分的 ReadProcessMemory 或 WriteProcessMemory 请求。 (0x12B)
[1014/210004.676:WARNING:pe_image_reader.cc(340)] could not read dos header from C:\WINDOWS\SYSTEM32\WINMMBASE.dll
[1014/210004.676:ERROR:process_memory_win.cc(73)] ReadMemory at 0x7ffb111b0000 of 64 bytes failed: 仅完成部分的 ReadProcessMemory 或 WriteProcessMemory 请求。 (0x12B)
[1014/210004.676:WARNING:pe_image_reader.cc(340)] could not read dos header from C:\WINDOWS\SYSTEM32\WINMMBASE.dll
[1014/210004.676:ERROR:process_memory_win.cc(73)] ReadMemory at 0x7ffb144b0000 of 64 bytes failed: 仅完成部分的 ReadProcessMemory 或 WriteProcessMemory 请求。 (0x12B)
[1014/210004.677:WARNING:pe_image_reader.cc(340)] could not read dos header from C:\WINDOWS\System32\cfgmgr32.dll
[1014/210004.677:ERROR:process_memory_win.cc(73)] ReadMemory at 0x7ffb144b0000 of 64 bytes failed: 仅完成部分的 ReadProcessMemory 或 WriteProcessMemory 请求。 (0x12B)
[1014/210004.677:WARNING:pe_image_reader.cc(340)] could not read dos header from C:\WINDOWS\System32\cfgmgr32.dll
[1014/210004.677:ERROR:process_memory_win.cc(73)] ReadMemory at 0x7ffb0fbb0000 of 64 bytes failed: 仅完成部分的 ReadProcessMemory 或 WriteProcessMemory 请求。 (0x12B)
[1014/210004.677:WARNING:pe_image_reader.cc(340)] could not read dos header from C:\WINDOWS\SYSTEM32\PROPSYS.dll
[1014/210004.677:ERROR:process_memory_win.cc(73)] ReadMemory at 0x7ffb0fbb0000 of 64 bytes failed: 仅完成部分的 ReadProcessMemory 或 WriteProcessMemory 请求。 (0x12B)
[1014/210004.677:WARNING:pe_image_reader.cc(340)] could not read dos header from C:\WINDOWS\SYSTEM32\PROPSYS.dll
[1014/210004.677:ERROR:process_memory_win.cc(73)] ReadMemory at 0x7ffb158a0000 of 64 bytes failed: 仅完成部分的 ReadProcessMemory 或 WriteProcessMemory 请求。 (0x12B)
[1014/210004.677:WARNING:pe_image_reader.cc(340)] could not read dos header from C:\WINDOWS\System32\shcore.dll
[1014/210004.677:ERROR:process_memory_win.cc(73)] ReadMemory at 0x7ffb158a0000 of 64 bytes failed: 仅完成部分的 ReadProcessMemory 或 WriteProcessMemory 请求。 (0x12B)
[1014/210004.677:WARNING:pe_image_reader.cc(340)] could not read dos header from C:\WINDOWS\System32\shcore.dll
[1014/210004.677:ERROR:process_memory_win.cc(73)] ReadMemory at 0x7ffb13d20000 of 64 bytes failed: 仅完成部分的 ReadProcessMemory 或 WriteProcessMemory 请求。 (0x12B)
[1014/210004.677:WARNING:pe_image_reader.cc(340)] could not read dos header from C:\WINDOWS\SYSTEM32\NTASN1.dll
[1014/210004.677:ERROR:process_memory_win.cc(73)] ReadMemory at 0x7ffb13d20000 of 64 bytes failed: 仅完成部分的 ReadProcessMemory 或 WriteProcessMemory 请求。 (0x12B)
[1014/210004.677:WARNING:pe_image_reader.cc(340)] could not read dos header from C:\WINDOWS\SYSTEM32\NTASN1.dll
[1014/210004.677:ERROR:process_memory_win.cc(73)] ReadMemory at 0x7ffb14120000 of 64 bytes failed: 仅完成部分的 ReadProcessMemory 或 WriteProcessMemory 请求。 (0x12B)
[1014/210004.677:WARNING:pe_image_reader.cc(340)] could not read dos header from C:\WINDOWS\SYSTEM32\SSPICLI.DLL
[1014/210004.677:ERROR:process_memory_win.cc(73)] ReadMemory at 0x7ffb14120000 of 64 bytes failed: 仅完成部分的 ReadProcessMemory 或 WriteProcessMemory 请求。 (0x12B)
[1014/210004.677:WARNING:pe_image_reader.cc(340)] could not read dos header from C:\WINDOWS\SYSTEM32\SSPICLI.DLL
[1014/210004.677:ERROR:process_memory_win.cc(73)] ReadMemory at 0x7ffb13c60000 of 64 bytes failed: 仅完成部分的 ReadProcessMemory 或 WriteProcessMemory 请求。 (0x12B)
[1014/210004.677:WARNING:pe_image_reader.cc(340)] could not read dos header from C:\WINDOWS\SYSTEM32\CRYPTBASE.DLL
[1014/210004.677:ERROR:process_memory_win.cc(73)] ReadMemory at 0x7ffb13c60000 of 64 bytes failed: 仅完成部分的 ReadProcessMemory 或 WriteProcessMemory 请求。 (0x12B)
[1014/210004.677:WARNING:pe_image_reader.cc(340)] could not read dos header from C:\WINDOWS\SYSTEM32\CRYPTBASE.DLL
[1014/210004.723:ERROR:process_memory_win.cc(73)] ReadMemory at 0x7ff61c5a0000 of 64 bytes failed: 仅完成部分的 ReadProcessMemory 或 WriteProcessMemory 请求。 (0x12B)
[1014/210004.723:WARNING:pe_image_reader.cc(340)] could not read dos header from C:\Program Files (x86)\Microsoft\Edge\Application\msedge.exe
[1014/210004.723:ERROR:process_memory_win.cc(73)] ReadMemory at 0x7ffb17380000 of 64 bytes failed: 仅完成部分的 ReadProcessMemory 或 WriteProcessMemory 请求。 (0x12B)
[1014/210004.723:WARNING:pe_image_reader.cc(340)] could not read dos header from C:\WINDOWS\SYSTEM32\ntdll.dll
[1014/210004.723:ERROR:process_memory_win.cc(73)] ReadMemory at 0x7ffb16970000 of 64 bytes failed: 仅完成部分的 ReadProcessMemory 或 WriteProcessMemory 请求。 (0x12B)
[1014/210004.723:WARNING:pe_image_reader.cc(340)] could not read dos header from C:\WINDOWS\System32\KERNEL32.DLL
[1014/210004.723:ERROR:process_memory_win.cc(73)] ReadMemory at 0x7ffb14de0000 of 64 bytes failed: 仅完成部分的 ReadProcessMemory 或 WriteProcessMemory 请求。 (0x12B)
[1014/210004.723:WARNING:pe_image_reader.cc(340)] could not read dos header from C:\WINDOWS\System32\KERNELBASE.dll
[1014/210004.723:ERROR:process_memory_win.cc(73)] ReadMemory at 0x7ffacc1c0000 of 64 bytes failed: 仅完成部分的 ReadProcessMemory 或 WriteProcessMemory 请求。 (0x12B)
[1014/210004.723:WARNING:pe_image_reader.cc(340)] could not read dos header from C:\Program Files (x86)\Microsoft\Edge\Application\84.0.522.59\msedge_elf.dll
[1014/210004.723:ERROR:process_memory_win.cc(73)] ReadMemory at 0x7ffb15090000 of 64 bytes failed: 仅完成部分的 ReadProcessMemory 或 WriteProcessMemory 请求。 (0x12B)
[1014/210004.723:WARNING:pe_image_reader.cc(340)] could not read dos header from C:\WINDOWS\System32\bcryptPrimitives.dll
[1014/210004.723:ERROR:process_memory_win.cc(73)] ReadMemory at 0x7ffb16fd0000 of 64 bytes failed: 仅完成部分的 ReadProcessMemory 或 WriteProcessMemory 请求。 (0x12B)
[1014/210004.723:WARNING:pe_image_reader.cc(340)] could not read dos header from C:\WINDOWS\System32\ADVAPI32.dll
[1014/210004.723:ERROR:process_memory_win.cc(73)] ReadMemory at 0x7ffb15e30000 of 64 bytes failed: 仅完成部分的 ReadProcessMemory 或 WriteProcessMemory 请求。 (0x12B)
[1014/210004.723:WARNING:pe_image_reader.cc(340)] could not read dos header from C:\WINDOWS\System32\msvcrt.dll
[1014/210004.723:ERROR:process_memory_win.cc(73)] ReadMemory at 0x7ffb15430000 of 64 bytes failed: 仅完成部分的 ReadProcessMemory 或 WriteProcessMemory 请求。 (0x12B)
[1014/210004.723:WARNING:pe_image_reader.cc(340)] could not read dos header from C:\WINDOWS\System32\sechost.dll
[1014/210004.723:ERROR:process_memory_win.cc(73)] ReadMemory at 0x7ffb154f0000 of 64 bytes failed: 仅完成部分的 ReadProcessMemory 或 WriteProcessMemory 请求。 (0x12B)
[1014/210004.723:WARNING:pe_image_reader.cc(340)] could not read dos header from C:\WINDOWS\System32\RPCRT4.dll
[1014/210004.723:ERROR:process_memory_win.cc(73)] ReadMemory at 0x7ffaac4f0000 of 64 bytes failed: 仅完成部分的 ReadProcessMemory 或 WriteProcessMemory 请求。 (0x12B)
[1014/210004.723:WARNING:pe_image_reader.cc(340)] could not read dos header from C:\Program Files (x86)\Microsoft\Edge\Application\84.0.522.59\msedge.dll
[1014/210004.723:ERROR:process_memory_win.cc(73)] ReadMemory at 0x7ffb172d0000 of 64 bytes failed: 仅完成部分的 ReadProcessMemory 或 WriteProcessMemory 请求。 (0x12B)
[1014/210004.723:WARNING:pe_image_reader.cc(340)] could not read dos header from C:\WINDOWS\System32\WS2_32.dll
[1014/210004.723:ERROR:process_memory_win.cc(73)] ReadMemory at 0x7ffb165c0000 of 64 bytes failed: 仅完成部分的 ReadProcessMemory 或 WriteProcessMemory 请求。 (0x12B)
[1014/210004.723:WARNING:pe_image_reader.cc(340)] could not read dos header from C:\WINDOWS\System32\OLEAUT32.dll
[1014/210004.723:ERROR:process_memory_win.cc(73)] ReadMemory at 0x7ffb14310000 of 64 bytes failed: 仅完成部分的 ReadProcessMemory 或 WriteProcessMemory 请求。 (0x12B)
[1014/210004.723:WARNING:pe_image_reader.cc(340)] could not read dos header from C:\WINDOWS\System32\msvcp_win.dll
[1014/210004.723:ERROR:process_memory_win.cc(73)] ReadMemory at 0x7ffb143b0000 of 64 bytes failed: 仅完成部分的 ReadProcessMemory 或 WriteProcessMemory 请求。 (0x12B)
[1014/210004.723:WARNING:pe_image_reader.cc(340)] could not read dos header from C:\WINDOWS\System32\ucrtbase.dll
[1014/210004.723:ERROR:process_memory_win.cc(73)] ReadMemory at 0x7ffb15a90000 of 64 bytes failed: 仅完成部分的 ReadProcessMemory 或 WriteProcessMemory 请求。 (0x12B)
[1014/210004.723:WARNING:pe_image_reader.cc(340)] could not read dos header from C:\WINDOWS\System32\combase.dll
[1014/210004.723:ERROR:process_memory_win.cc(73)] ReadMemory at 0x7ffb145b0000 of 64 bytes failed: 仅完成部分的 ReadProcessMemory 或 WriteProcessMemory 请求。 (0x12B)
[1014/210004.723:WARNING:pe_image_reader.cc(340)] could not read dos header from C:\WINDOWS\System32\WINTRUST.dll
[1014/210004.723:ERROR:process_memory_win.cc(73)] ReadMemory at 0x7ffb142f0000 of 64 bytes failed: 仅完成部分的 ReadProcessMemory 或 WriteProcessMemory 请求。 (0x12B)
[1014/210004.723:WARNING:pe_image_reader.cc(340)] could not read dos header from C:\WINDOWS\System32\MSASN1.dll
[1014/210004.724:ERROR:process_memory_win.cc(73)] ReadMemory at 0x7ffb152e0000 of 64 bytes failed: 仅完成部分的 ReadProcessMemory 或 WriteProcessMemory 请求。 (0x12B)
[1014/210004.724:WARNING:pe_image_reader.cc(340)] could not read dos header from C:\WINDOWS\System32\CRYPT32.dll
[1014/210004.724:ERROR:process_memory_win.cc(73)] ReadMemory at 0x7ffb137a0000 of 64 bytes failed: 仅完成部分的 ReadProcessMemory 或 WriteProcessMemory 请求。 (0x12B)
[1014/210004.724:WARNING:pe_image_reader.cc(340)] could not read dos header from C:\WINDOWS\SYSTEM32\IPHLPAPI.DLL
[1014/210004.724:ERROR:process_memory_win.cc(73)] ReadMemory at 0x7ffb11300000 of 64 bytes failed: 仅完成部分的 ReadProcessMemory 或 WriteProcessMemory 请求。 (0x12B)
[1014/210004.724:WARNING:pe_image_reader.cc(340)] could not read dos header from C:\WINDOWS\SYSTEM32\WINMM.dll
[1014/210004.724:ERROR:process_memory_win.cc(73)] ReadMemory at 0x7ffb094b0000 of 64 bytes failed: 仅完成部分的 ReadProcessMemory 或 WriteProcessMemory 请求。 (0x12B)
[1014/210004.724:WARNING:pe_image_reader.cc(340)] could not read dos header from C:\WINDOWS\SYSTEM32\Secur32.dll
[1014/210004.724:ERROR:process_memory_win.cc(73)] ReadMemory at 0x7ffb14160000 of 64 bytes failed: 仅完成部分的 ReadProcessMemory 或 WriteProcessMemory 请求。 (0x12B)
[1014/210004.724:WARNING:pe_image_reader.cc(340)] could not read dos header from C:\WINDOWS\SYSTEM32\USERENV.dll
[1014/210004.724:ERROR:process_memory_win.cc(73)] ReadMemory at 0x7ffb142c0000 of 64 bytes failed: 仅完成部分的 ReadProcessMemory 或 WriteProcessMemory 请求。 (0x12B)
[1014/210004.724:WARNING:pe_image_reader.cc(340)] could not read dos header from C:\WINDOWS\System32\profapi.dll
[1014/210004.724:ERROR:process_memory_win.cc(73)] ReadMemory at 0x7ffaefbe0000 of 64 bytes failed: 仅完成部分的 ReadProcessMemory 或 WriteProcessMemory 请求。 (0x12B)
[1014/210004.724:WARNING:pe_image_reader.cc(340)] could not read dos header from C:\WINDOWS\SYSTEM32\UIAutomationCore.DLL
[1014/210004.724:ERROR:process_memory_win.cc(73)] ReadMemory at 0x7ffb0d300000 of 64 bytes failed: 仅完成部分的 ReadProcessMemory 或 WriteProcessMemory 请求。 (0x12B)
[1014/210004.724:WARNING:pe_image_reader.cc(340)] could not read dos header from C:\WINDOWS\SYSTEM32\WINHTTP.dll
[1014/210004.724:ERROR:process_memory_win.cc(73)] ReadMemory at 0x7ffb12580000 of 64 bytes failed: 仅完成部分的 ReadProcessMemory 或 WriteProcessMemory 请求。 (0x12B)
[1014/210004.724:WARNING:pe_image_reader.cc(340)] could not read dos header from C:\WINDOWS\SYSTEM32\DWrite.dll
[1014/210004.724:ERROR:process_memory_win.cc(73)] ReadMemory at 0x7ffaff7c0000 of 64 bytes failed: 仅完成部分的 ReadProcessMemory 或 WriteProcessMemory 请求。 (0x12B)
[1014/210004.724:WARNING:pe_image_reader.cc(340)] could not read dos header from C:\WINDOWS\SYSTEM32\WINSPOOL.DRV
[1014/210004.724:ERROR:process_memory_win.cc(73)] ReadMemory at 0x7ffb14250000 of 64 bytes failed: 仅完成部分的 ReadProcessMemory 或 WriteProcessMemory 请求。 (0x12B)
[1014/210004.724:WARNING:pe_image_reader.cc(340)] could not read dos header from C:\WINDOWS\System32\kernel.appcore.dll
[1014/210004.724:ERROR:process_memory_win.cc(73)] ReadMemory at 0x7ffb15110000 of 64 bytes failed: 仅完成部分的 ReadProcessMemory 或 WriteProcessMemory 请求。 (0x12B)
[1014/210004.724:WARNING:pe_image_reader.cc(340)] could not read dos header from C:\WINDOWS\System32\bcrypt.dll
[1014/210004.724:ERROR:process_memory_win.cc(73)] ReadMemory at 0x7ffb12980000 of 64 bytes failed: 仅完成部分的 ReadProcessMemory 或 WriteProcessMemory 请求。 (0x12B)
[1014/210004.724:WARNING:pe_image_reader.cc(340)] could not read dos header from C:\WINDOWS\SYSTEM32\dbghelp.dll
[1014/210004.724:ERROR:process_memory_win.cc(73)] ReadMemory at 0x7ffb13d60000 of 64 bytes failed: 仅完成部分的 ReadProcessMemory 或 WriteProcessMemory 请求。 (0x12B)
[1014/210004.724:WARNING:pe_image_reader.cc(340)] could not read dos header from C:\WINDOWS\SYSTEM32\ncrypt.dll
[1014/210004.724:ERROR:process_memory_win.cc(73)] ReadMemory at 0x7ffb0e430000 of 64 bytes failed: 仅完成部分的 ReadProcessMemory 或 WriteProcessMemory 请求。 (0x12B)
[1014/210004.724:WARNING:pe_image_reader.cc(340)] could not read dos header from C:\WINDOWS\SYSTEM32\dhcpcsvc.DLL
[1014/210004.725:ERROR:process_memory_win.cc(73)] ReadMemory at 0x7ffb16840000 of 64 bytes failed: 仅完成部分的 ReadProcessMemory 或 WriteProcessMemory 请求。 (0x12B)
[1014/210004.725:WARNING:pe_image_reader.cc(340)] could not read dos header from C:\WINDOWS\System32\NSI.dll
[1014/210004.725:ERROR:process_memory_win.cc(73)] ReadMemory at 0x7ffb111b0000 of 64 bytes failed: 仅完成部分的 ReadProcessMemory 或 WriteProcessMemory 请求。 (0x12B)
[1014/210004.725:WARNING:pe_image_reader.cc(340)] could not read dos header from C:\WINDOWS\SYSTEM32\WINMMBASE.dll
[1014/210004.725:ERROR:process_memory_win.cc(73)] ReadMemory at 0x7ffb144b0000 of 64 bytes failed: 仅完成部分的 ReadProcessMemory 或 WriteProcessMemory 请求。 (0x12B)
[1014/210004.725:WARNING:pe_image_reader.cc(340)] could not read dos header from C:\WINDOWS\System32\cfgmgr32.dll
[1014/210004.725:ERROR:process_memory_win.cc(73)] ReadMemory at 0x7ffb0fbb0000 of 64 bytes failed: 仅完成部分的 ReadProcessMemory 或 WriteProcessMemory 请求。 (0x12B)
[1014/210004.725:WARNING:pe_image_reader.cc(340)] could not read dos header from C:\WINDOWS\SYSTEM32\PROPSYS.dll
[1014/210004.725:ERROR:process_memory_win.cc(73)] ReadMemory at 0x7ffb158a0000 of 64 bytes failed: 仅完成部分的 ReadProcessMemory 或 WriteProcessMemory 请求。 (0x12B)
[1014/210004.725:WARNING:pe_image_reader.cc(340)] could not read dos header from C:\WINDOWS\System32\shcore.dll
[1014/210004.725:ERROR:process_memory_win.cc(73)] ReadMemory at 0x7ffb13d20000 of 64 bytes failed: 仅完成部分的 ReadProcessMemory 或 WriteProcessMemory 请求。 (0x12B)
[1014/210004.725:WARNING:pe_image_reader.cc(340)] could not read dos header from C:\WINDOWS\SYSTEM32\NTASN1.dll
[1014/210004.725:ERROR:process_memory_win.cc(73)] ReadMemory at 0x7ffb14120000 of 64 bytes failed: 仅完成部分的 ReadProcessMemory 或 WriteProcessMemory 请求。 (0x12B)
[1014/210004.725:WARNING:pe_image_reader.cc(340)] could not read dos header from C:\WINDOWS\SYSTEM32\SSPICLI.DLL
[1014/210004.725:ERROR:process_memory_win.cc(73)] ReadMemory at 0x7ffb13c60000 of 64 bytes failed: 仅完成部分的 ReadProcessMemory 或 WriteProcessMemory 请求。 (0x12B)
[1014/210004.725:WARNING:pe_image_reader.cc(340)] could not read dos header from C:\WINDOWS\SYSTEM32\CRYPTBASE.DLL
[1014/210004.731:ERROR:process_memory_win.cc(73)] ReadMemory at 0x7ff61c5a0000 of 64 bytes failed: 仅完成部分的 ReadProcessMemory 或 WriteProcessMemory 请求。 (0x12B)
[1014/210004.731:WARNING:pe_image_reader.cc(340)] could not read dos header from C:\Program Files (x86)\Microsoft\Edge\Application\msedge.exe
[1014/210004.731:ERROR:process_memory_win.cc(73)] ReadMemory at 0x7ffb17380000 of 64 bytes failed: 仅完成部分的 ReadProcessMemory 或 WriteProcessMemory 请求。 (0x12B)
[1014/210004.731:WARNING:pe_image_reader.cc(340)] could not read dos header from C:\WINDOWS\SYSTEM32\ntdll.dll
[1014/210004.731:ERROR:process_memory_win.cc(73)] ReadMemory at 0x7ffb16970000 of 64 bytes failed: 仅完成部分的 ReadProcessMemory 或 WriteProcessMemory 请求。 (0x12B)
[1014/210004.731:WARNING:pe_image_reader.cc(340)] could not read dos header from C:\WINDOWS\System32\KERNEL32.DLL
[1014/210004.731:ERROR:process_memory_win.cc(73)] ReadMemory at 0x7ffb14de0000 of 64 bytes failed: 仅完成部分的 ReadProcessMemory 或 WriteProcessMemory 请求。 (0x12B)
[1014/210004.731:WARNING:pe_image_reader.cc(340)] could not read dos header from C:\WINDOWS\System32\KERNELBASE.dll
[1014/210004.731:ERROR:process_memory_win.cc(73)] ReadMemory at 0x7ffacc1c0000 of 64 bytes failed: 仅完成部分的 ReadProcessMemory 或 WriteProcessMemory 请求。 (0x12B)
[1014/210004.731:WARNING:pe_image_reader.cc(340)] could not read dos header from C:\Program Files (x86)\Microsoft\Edge\Application\84.0.522.59\msedge_elf.dll
[1014/210004.731:ERROR:process_memory_win.cc(73)] ReadMemory at 0x7ffb15090000 of 64 bytes failed: 仅完成部分的 ReadProcessMemory 或 WriteProcessMemory 请求。 (0x12B)
[1014/210004.731:WARNING:pe_image_reader.cc(340)] could not read dos header from C:\WINDOWS\System32\bcryptPrimitives.dll
[1014/210004.731:ERROR:process_memory_win.cc(73)] ReadMemory at 0x7ffb16fd0000 of 64 bytes failed: 仅完成部分的 ReadProcessMemory 或 WriteProcessMemory 请求。 (0x12B)
[1014/210004.731:WARNING:pe_image_reader.cc(340)] could not read dos header from C:\WINDOWS\System32\ADVAPI32.dll
[1014/210004.731:ERROR:process_memory_win.cc(73)] ReadMemory at 0x7ffb15e30000 of 64 bytes failed: 仅完成部分的 ReadProcessMemory 或 WriteProcessMemory 请求。 (0x12B)
[1014/210004.731:WARNING:pe_image_reader.cc(340)] could not read dos header from C:\WINDOWS\System32\msvcrt.dll
[1014/210004.731:ERROR:process_memory_win.cc(73)] ReadMemory at 0x7ffb15430000 of 64 bytes failed: 仅完成部分的 ReadProcessMemory 或 WriteProcessMemory 请求。 (0x12B)
[1014/210004.731:WARNING:pe_image_reader.cc(340)] could not read dos header from C:\WINDOWS\System32\sechost.dll
[1014/210004.731:ERROR:process_memory_win.cc(73)] ReadMemory at 0x7ffb154f0000 of 64 bytes failed: 仅完成部分的 ReadProcessMemory 或 WriteProcessMemory 请求。 (0x12B)
[1014/210004.731:WARNING:pe_image_reader.cc(340)] could not read dos header from C:\WINDOWS\System32\RPCRT4.dll
[1014/210004.731:ERROR:process_memory_win.cc(73)] ReadMemory at 0x7ffaac4f0000 of 64 bytes failed: 仅完成部分的 ReadProcessMemory 或 WriteProcessMemory 请求。 (0x12B)
[1014/210004.731:WARNING:pe_image_reader.cc(340)] could not read dos header from C:\Program Files (x86)\Microsoft\Edge\Application\84.0.522.59\msedge.dll
[1014/210004.731:ERROR:process_memory_win.cc(73)] ReadMemory at 0x7ffb172d0000 of 64 bytes failed: 仅完成部分的 ReadProcessMemory 或 WriteProcessMemory 请求。 (0x12B)
[1014/210004.731:WARNING:pe_image_reader.cc(340)] could not read dos header from C:\WINDOWS\System32\WS2_32.dll
[1014/210004.731:ERROR:process_memory_win.cc(73)] ReadMemory at 0x7ffb165c0000 of 64 bytes failed: 仅完成部分的 ReadProcessMemory 或 WriteProcessMemory 请求。 (0x12B)
[1014/210004.731:WARNING:pe_image_reader.cc(340)] could not read dos header from C:\WINDOWS\System32\OLEAUT32.dll
[1014/210004.731:ERROR:process_memory_win.cc(73)] ReadMemory at 0x7ffb14310000 of 64 bytes failed: 仅完成部分的 ReadProcessMemory 或 WriteProcessMemory 请求。 (0x12B)
[1014/210004.731:WARNING:pe_image_reader.cc(340)] could not read dos header from C:\WINDOWS\System32\msvcp_win.dll
[1014/210004.731:ERROR:process_memory_win.cc(73)] ReadMemory at 0x7ffb143b0000 of 64 bytes failed: 仅完成部分的 ReadProcessMemory 或 WriteProcessMemory 请求。 (0x12B)
[1014/210004.731:WARNING:pe_image_reader.cc(340)] could not read dos header from C:\WINDOWS\System32\ucrtbase.dll
[1014/210004.731:ERROR:process_memory_win.cc(73)] ReadMemory at 0x7ffb15a90000 of 64 bytes failed: 仅完成部分的 ReadProcessMemory 或 WriteProcessMemory 请求。 (0x12B)
[1014/210004.731:WARNING:pe_image_reader.cc(340)] could not read dos header from C:\WINDOWS\System32\combase.dll
[1014/210004.731:ERROR:process_memory_win.cc(73)] ReadMemory at 0x7ffb145b0000 of 64 bytes failed: 仅完成部分的 ReadProcessMemory 或 WriteProcessMemory 请求。 (0x12B)
[1014/210004.731:WARNING:pe_image_reader.cc(340)] could not read dos header from C:\WINDOWS\System32\WINTRUST.dll
[1014/210004.731:ERROR:process_memory_win.cc(73)] ReadMemory at 0x7ffb142f0000 of 64 bytes failed: 仅完成部分的 ReadProcessMemory 或 WriteProcessMemory 请求。 (0x12B)
[1014/210004.731:WARNING:pe_image_reader.cc(340)] could not read dos header from C:\WINDOWS\System32\MSASN1.dll
[1014/210004.731:ERROR:process_memory_win.cc(73)] ReadMemory at 0x7ffb152e0000 of 64 bytes failed: 仅完成部分的 ReadProcessMemory 或 WriteProcessMemory 请求。 (0x12B)
[1014/210004.731:WARNING:pe_image_reader.cc(340)] could not read dos header from C:\WINDOWS\System32\CRYPT32.dll
[1014/210004.731:ERROR:process_memory_win.cc(73)] ReadMemory at 0x7ffb137a0000 of 64 bytes failed: 仅完成部分的 ReadProcessMemory 或 WriteProcessMemory 请求。 (0x12B)
[1014/210004.731:WARNING:pe_image_reader.cc(340)] could not read dos header from C:\WINDOWS\SYSTEM32\IPHLPAPI.DLL
[1014/210004.732:ERROR:process_memory_win.cc(73)] ReadMemory at 0x7ffb11300000 of 64 bytes failed: 仅完成部分的 ReadProcessMemory 或 WriteProcessMemory 请求。 (0x12B)
[1014/210004.732:WARNING:pe_image_reader.cc(340)] could not read dos header from C:\WINDOWS\SYSTEM32\WINMM.dll
[1014/210004.732:ERROR:process_memory_win.cc(73)] ReadMemory at 0x7ffb094b0000 of 64 bytes failed: 仅完成部分的 ReadProcessMemory 或 WriteProcessMemory 请求。 (0x12B)
[1014/210004.732:WARNING:pe_image_reader.cc(340)] could not read dos header from C:\WINDOWS\SYSTEM32\Secur32.dll
[1014/210004.732:ERROR:process_memory_win.cc(73)] ReadMemory at 0x7ffb14160000 of 64 bytes failed: 仅完成部分的 ReadProcessMemory 或 WriteProcessMemory 请求。 (0x12B)
[1014/210004.732:WARNING:pe_image_reader.cc(340)] could not read dos header from C:\WINDOWS\SYSTEM32\USERENV.dll
[1014/210004.732:ERROR:process_memory_win.cc(73)] ReadMemory at 0x7ffb142c0000 of 64 bytes failed: 仅完成部分的 ReadProcessMemory 或 WriteProcessMemory 请求。 (0x12B)
[1014/210004.732:WARNING:pe_image_reader.cc(340)] could not read dos header from C:\WINDOWS\System32\profapi.dll
[1014/210004.732:ERROR:process_memory_win.cc(73)] ReadMemory at 0x7ffaefbe0000 of 64 bytes failed: 仅完成部分的 ReadProcessMemory 或 WriteProcessMemory 请求。 (0x12B)
[1014/210004.732:WARNING:pe_image_reader.cc(340)] could not read dos header from C:\WINDOWS\SYSTEM32\UIAutomationCore.DLL
[1014/210004.732:ERROR:process_memory_win.cc(73)] ReadMemory at 0x7ffb0d300000 of 64 bytes failed: 仅完成部分的 ReadProcessMemory 或 WriteProcessMemory 请求。 (0x12B)
[1014/210004.732:WARNING:pe_image_reader.cc(340)] could not read dos header from C:\WINDOWS\SYSTEM32\WINHTTP.dll
[1014/210004.732:ERROR:process_memory_win.cc(73)] ReadMemory at 0x7ffb12580000 of 64 bytes failed: 仅完成部分的 ReadProcessMemory 或 WriteProcessMemory 请求。 (0x12B)
[1014/210004.732:WARNING:pe_image_reader.cc(340)] could not read dos header from C:\WINDOWS\SYSTEM32\DWrite.dll
[1014/210004.732:ERROR:process_memory_win.cc(73)] ReadMemory at 0x7ffaff7c0000 of 64 bytes failed: 仅完成部分的 ReadProcessMemory 或 WriteProcessMemory 请求。 (0x12B)
[1014/210004.732:WARNING:pe_image_reader.cc(340)] could not read dos header from C:\WINDOWS\SYSTEM32\WINSPOOL.DRV
[1014/210004.732:ERROR:process_memory_win.cc(73)] ReadMemory at 0x7ffb14250000 of 64 bytes failed: 仅完成部分的 ReadProcessMemory 或 WriteProcessMemory 请求。 (0x12B)
[1014/210004.732:WARNING:pe_image_reader.cc(340)] could not read dos header from C:\WINDOWS\System32\kernel.appcore.dll
[1014/210004.732:ERROR:process_memory_win.cc(73)] ReadMemory at 0x7ffb15110000 of 64 bytes failed: 仅完成部分的 ReadProcessMemory 或 WriteProcessMemory 请求。 (0x12B)
[1014/210004.732:WARNING:pe_image_reader.cc(340)] could not read dos header from C:\WINDOWS\System32\bcrypt.dll
[1014/210004.732:ERROR:process_memory_win.cc(73)] ReadMemory at 0x7ffb12980000 of 64 bytes failed: 仅完成部分的 ReadProcessMemory 或 WriteProcessMemory 请求。 (0x12B)
[1014/210004.732:WARNING:pe_image_reader.cc(340)] could not read dos header from C:\WINDOWS\SYSTEM32\dbghelp.dll
[1014/210004.732:ERROR:process_memory_win.cc(73)] ReadMemory at 0x7ffb13d60000 of 64 bytes failed: 仅完成部分的 ReadProcessMemory 或 WriteProcessMemory 请求。 (0x12B)
[1014/210004.732:WARNING:pe_image_reader.cc(340)] could not read dos header from C:\WINDOWS\SYSTEM32\ncrypt.dll
[1014/210004.732:ERROR:process_memory_win.cc(73)] ReadMemory at 0x7ffb0e430000 of 64 bytes failed: 仅完成部分的 ReadProcessMemory 或 WriteProcessMemory 请求。 (0x12B)
[1014/210004.732:WARNING:pe_image_reader.cc(340)] could not read dos header from C:\WINDOWS\SYSTEM32\dhcpcsvc.DLL
[1014/210004.732:ERROR:process_memory_win.cc(73)] ReadMemory at 0x7ffb16840000 of 64 bytes failed: 仅完成部分的 ReadProcessMemory 或 WriteProcessMemory 请求。 (0x12B)
[1014/210004.732:WARNING:pe_image_reader.cc(340)] could not read dos header from C:\WINDOWS\System32\NSI.dll
[1014/210004.732:ERROR:process_memory_win.cc(73)] ReadMemory at 0x7ffb111b0000 of 64 bytes failed: 仅完成部分的 ReadProcessMemory 或 WriteProcessMemory 请求。 (0x12B)
[1014/210004.732:WARNING:pe_image_reader.cc(340)] could not read dos header from C:\WINDOWS\SYSTEM32\WINMMBASE.dll
[1014/210004.732:ERROR:process_memory_win.cc(73)] ReadMemory at 0x7ffb144b0000 of 64 bytes failed: 仅完成部分的 ReadProcessMemory 或 WriteProcessMemory 请求。 (0x12B)
[1014/210004.732:WARNING:pe_image_reader.cc(340)] could not read dos header from C:\WINDOWS\System32\cfgmgr32.dll
[1014/210004.732:ERROR:process_memory_win.cc(73)] ReadMemory at 0x7ffb0fbb0000 of 64 bytes failed: 仅完成部分的 ReadProcessMemory 或 WriteProcessMemory 请求。 (0x12B)
[1014/210004.732:WARNING:pe_image_reader.cc(340)] could not read dos header from C:\WINDOWS\SYSTEM32\PROPSYS.dll
[1014/210004.733:ERROR:process_memory_win.cc(73)] ReadMemory at 0x7ffb158a0000 of 64 bytes failed: 仅完成部分的 ReadProcessMemory 或 WriteProcessMemory 请求。 (0x12B)
[1014/210004.733:WARNING:pe_image_reader.cc(340)] could not read dos header from C:\WINDOWS\System32\shcore.dll
[1014/210004.733:ERROR:process_memory_win.cc(73)] ReadMemory at 0x7ffb13d20000 of 64 bytes failed: 仅完成部分的 ReadProcessMemory 或 WriteProcessMemory 请求。 (0x12B)
[1014/210004.733:WARNING:pe_image_reader.cc(340)] could not read dos header from C:\WINDOWS\SYSTEM32\NTASN1.dll
[1014/210004.733:ERROR:process_memory_win.cc(73)] ReadMemory at 0x7ffb14120000 of 64 bytes failed: 仅完成部分的 ReadProcessMemory 或 WriteProcessMemory 请求。 (0x12B)
[1014/210004.733:WARNING:pe_image_reader.cc(340)] could not read dos header from C:\WINDOWS\SYSTEM32\SSPICLI.DLL
[1014/210004.733:ERROR:process_memory_win.cc(73)] ReadMemory at 0x7ffb13c60000 of 64 bytes failed: 仅完成部分的 ReadProcessMemory 或 WriteProcessMemory 请求。 (0x12B)
[1014/210004.733:WARNING:pe_image_reader.cc(340)] could not read dos header from C:\WINDOWS\SYSTEM32\CRYPTBASE.DLL
[1014/210004.733:ERROR:process_memory_win.cc(73)] ReadMemory at 0x7ff61c5a0000 of 64 bytes failed: 仅完成部分的 ReadProcessMemory 或 WriteProcessMemory 请求。 (0x12B)
[1014/210004.733:WARNING:pe_image_reader.cc(340)] could not read dos header from C:\Program Files (x86)\Microsoft\Edge\Application\msedge.exe
[1014/210004.733:ERROR:process_memory_win.cc(73)] ReadMemory at 0x7ffb17380000 of 64 bytes failed: 仅完成部分的 ReadProcessMemory 或 WriteProcessMemory 请求。 (0x12B)
[1014/210004.733:WARNING:pe_image_reader.cc(340)] could not read dos header from C:\WINDOWS\SYSTEM32\ntdll.dll
[1014/210004.733:ERROR:process_memory_win.cc(73)] ReadMemory at 0x7ffb16970000 of 64 bytes failed: 仅完成部分的 ReadProcessMemory 或 WriteProcessMemory 请求。 (0x12B)
[1014/210004.733:WARNING:pe_image_reader.cc(340)] could not read dos header from C:\WINDOWS\System32\KERNEL32.DLL
[1014/210004.733:ERROR:process_memory_win.cc(73)] ReadMemory at 0x7ffb14de0000 of 64 bytes failed: 仅完成部分的 ReadProcessMemory 或 WriteProcessMemory 请求。 (0x12B)
[1014/210004.733:WARNING:pe_image_reader.cc(340)] could not read dos header from C:\WINDOWS\System32\KERNELBASE.dll
[1014/210004.733:ERROR:process_memory_win.cc(73)] ReadMemory at 0x7ffacc1c0000 of 64 bytes failed: 仅完成部分的 ReadProcessMemory 或 WriteProcessMemory 请求。 (0x12B)
[1014/210004.733:WARNING:pe_image_reader.cc(340)] could not read dos header from C:\Program Files (x86)\Microsoft\Edge\Application\84.0.522.59\msedge_elf.dll
[1014/210004.733:ERROR:process_memory_win.cc(73)] ReadMemory at 0x7ffb15090000 of 64 bytes failed: 仅完成部分的 ReadProcessMemory 或 WriteProcessMemory 请求。 (0x12B)
[1014/210004.733:WARNING:pe_image_reader.cc(340)] could not read dos header from C:\WINDOWS\System32\bcryptPrimitives.dll
[1014/210004.733:ERROR:process_memory_win.cc(73)] ReadMemory at 0x7ffb16fd0000 of 64 bytes failed: 仅完成部分的 ReadProcessMemory 或 WriteProcessMemory 请求。 (0x12B)
[1014/210004.733:WARNING:pe_image_reader.cc(340)] could not read dos header from C:\WINDOWS\System32\ADVAPI32.dll
[1014/210004.733:ERROR:process_memory_win.cc(73)] ReadMemory at 0x7ffb15e30000 of 64 bytes failed: 仅完成部分的 ReadProcessMemory 或 WriteProcessMemory 请求。 (0x12B)
[1014/210004.733:WARNING:pe_image_reader.cc(340)] could not read dos header from C:\WINDOWS\System32\msvcrt.dll
[1014/210004.733:ERROR:process_memory_win.cc(73)] ReadMemory at 0x7ffb15430000 of 64 bytes failed: 仅完成部分的 ReadProcessMemory 或 WriteProcessMemory 请求。 (0x12B)
[1014/210004.733:WARNING:pe_image_reader.cc(340)] could not read dos header from C:\WINDOWS\System32\sechost.dll
[1014/210004.733:ERROR:process_memory_win.cc(73)] ReadMemory at 0x7ffb154f0000 of 64 bytes failed: 仅完成部分的 ReadProcessMemory 或 WriteProcessMemory 请求。 (0x12B)
[1014/210004.733:WARNING:pe_image_reader.cc(340)] could not read dos header from C:\WINDOWS\System32\RPCRT4.dll
[1014/210004.733:ERROR:process_memory_win.cc(73)] ReadMemory at 0x7ffaac4f0000 of 64 bytes failed: 仅完成部分的 ReadProcessMemory 或 WriteProcessMemory 请求。 (0x12B)
[1014/210004.733:WARNING:pe_image_reader.cc(340)] could not read dos header from C:\Program Files (x86)\Microsoft\Edge\Application\84.0.522.59\msedge.dll
[1014/210004.733:ERROR:process_memory_win.cc(73)] ReadMemory at 0x7ffb172d0000 of 64 bytes failed: 仅完成部分的 ReadProcessMemory 或 WriteProcessMemory 请求。 (0x12B)
[1014/210004.733:WARNING:pe_image_reader.cc(340)] could not read dos header from C:\WINDOWS\System32\WS2_32.dll
[1014/210004.733:ERROR:process_memory_win.cc(73)] ReadMemory at 0x7ffb165c0000 of 64 bytes failed: 仅完成部分的 ReadProcessMemory 或 WriteProcessMemory 请求。 (0x12B)
[1014/210004.733:WARNING:pe_image_reader.cc(340)] could not read dos header from C:\WINDOWS\System32\OLEAUT32.dll
[1014/210004.733:ERROR:process_memory_win.cc(73)] ReadMemory at 0x7ffb14310000 of 64 bytes failed: 仅完成部分的 ReadProcessMemory 或 WriteProcessMemory 请求。 (0x12B)
[1014/210004.733:WARNING:pe_image_reader.cc(340)] could not read dos header from C:\WINDOWS\System32\msvcp_win.dll
[1014/210004.734:ERROR:process_memory_win.cc(73)] ReadMemory at 0x7ffb143b0000 of 64 bytes failed: 仅完成部分的 ReadProcessMemory 或 WriteProcessMemory 请求。 (0x12B)
[1014/210004.734:WARNING:pe_image_reader.cc(340)] could not read dos header from C:\WINDOWS\System32\ucrtbase.dll
[1014/210004.734:ERROR:process_memory_win.cc(73)] ReadMemory at 0x7ffb15a90000 of 64 bytes failed: 仅完成部分的 ReadProcessMemory 或 WriteProcessMemory 请求。 (0x12B)
[1014/210004.734:WARNING:pe_image_reader.cc(340)] could not read dos header from C:\WINDOWS\System32\combase.dll
[1014/210004.734:ERROR:process_memory_win.cc(73)] ReadMemory at 0x7ffb145b0000 of 64 bytes failed: 仅完成部分的 ReadProcessMemory 或 WriteProcessMemory 请求。 (0x12B)
[1014/210004.734:WARNING:pe_image_reader.cc(340)] could not read dos header from C:\WINDOWS\System32\WINTRUST.dll
[1014/210004.734:ERROR:process_memory_win.cc(73)] ReadMemory at 0x7ffb142f0000 of 64 bytes failed: 仅完成部分的 ReadProcessMemory 或 WriteProcessMemory 请求。 (0x12B)
[1014/210004.734:WARNING:pe_image_reader.cc(340)] could not read dos header from C:\WINDOWS\System32\MSASN1.dll
[1014/210004.734:ERROR:process_memory_win.cc(73)] ReadMemory at 0x7ffb152e0000 of 64 bytes failed: 仅完成部分的 ReadProcessMemory 或 WriteProcessMemory 请求。 (0x12B)
[1014/210004.734:WARNING:pe_image_reader.cc(340)] could not read dos header from C:\WINDOWS\System32\CRYPT32.dll
[1014/210004.734:ERROR:process_memory_win.cc(73)] ReadMemory at 0x7ffb137a0000 of 64 bytes failed: 仅完成部分的 ReadProcessMemory 或 WriteProcessMemory 请求。 (0x12B)
[1014/210004.734:WARNING:pe_image_reader.cc(340)] could not read dos header from C:\WINDOWS\SYSTEM32\IPHLPAPI.DLL
[1014/210004.734:ERROR:process_memory_win.cc(73)] ReadMemory at 0x7ffb11300000 of 64 bytes failed: 仅完成部分的 ReadProcessMemory 或 WriteProcessMemory 请求。 (0x12B)
[1014/210004.734:WARNING:pe_image_reader.cc(340)] could not read dos header from C:\WINDOWS\SYSTEM32\WINMM.dll
[1014/210004.734:ERROR:process_memory_win.cc(73)] ReadMemory at 0x7ffb094b0000 of 64 bytes failed: 仅完成部分的 ReadProcessMemory 或 WriteProcessMemory 请求。 (0x12B)
[1014/210004.734:WARNING:pe_image_reader.cc(340)] could not read dos header from C:\WINDOWS\SYSTEM32\Secur32.dll
[1014/210004.734:ERROR:process_memory_win.cc(73)] ReadMemory at 0x7ffb14160000 of 64 bytes failed: 仅完成部分的 ReadProcessMemory 或 WriteProcessMemory 请求。 (0x12B)
[1014/210004.734:WARNING:pe_image_reader.cc(340)] could not read dos header from C:\WINDOWS\SYSTEM32\USERENV.dll
[1014/210004.734:ERROR:process_memory_win.cc(73)] ReadMemory at 0x7ffb142c0000 of 64 bytes failed: 仅完成部分的 ReadProcessMemory 或 WriteProcessMemory 请求。 (0x12B)
[1014/210004.734:WARNING:pe_image_reader.cc(340)] could not read dos header from C:\WINDOWS\System32\profapi.dll
[1014/210004.734:ERROR:process_memory_win.cc(73)] ReadMemory at 0x7ffaefbe0000 of 64 bytes failed: 仅完成部分的 ReadProcessMemory 或 WriteProcessMemory 请求。 (0x12B)
[1014/210004.734:WARNING:pe_image_reader.cc(340)] could not read dos header from C:\WINDOWS\SYSTEM32\UIAutomationCore.DLL
[1014/210004.734:ERROR:process_memory_win.cc(73)] ReadMemory at 0x7ffb0d300000 of 64 bytes failed: 仅完成部分的 ReadProcessMemory 或 WriteProcessMemory 请求。 (0x12B)
[1014/210004.734:WARNING:pe_image_reader.cc(340)] could not read dos header from C:\WINDOWS\SYSTEM32\WINHTTP.dll
[1014/210004.734:ERROR:process_memory_win.cc(73)] ReadMemory at 0x7ffb12580000 of 64 bytes failed: 仅完成部分的 ReadProcessMemory 或 WriteProcessMemory 请求。 (0x12B)
[1014/210004.734:WARNING:pe_image_reader.cc(340)] could not read dos header from C:\WINDOWS\SYSTEM32\DWrite.dll
[1014/210004.734:ERROR:process_memory_win.cc(73)] ReadMemory at 0x7ffaff7c0000 of 64 bytes failed: 仅完成部分的 ReadProcessMemory 或 WriteProcessMemory 请求。 (0x12B)
[1014/210004.734:WARNING:pe_image_reader.cc(340)] could not read dos header from C:\WINDOWS\SYSTEM32\WINSPOOL.DRV
[1014/210004.734:ERROR:process_memory_win.cc(73)] ReadMemory at 0x7ffb14250000 of 64 bytes failed: 仅完成部分的 ReadProcessMemory 或 WriteProcessMemory 请求。 (0x12B)
[1014/210004.734:WARNING:pe_image_reader.cc(340)] could not read dos header from C:\WINDOWS\System32\kernel.appcore.dll
[1014/210004.734:ERROR:process_memory_win.cc(73)] ReadMemory at 0x7ffb15110000 of 64 bytes failed: 仅完成部分的 ReadProcessMemory 或 WriteProcessMemory 请求。 (0x12B)
[1014/210004.734:WARNING:pe_image_reader.cc(340)] could not read dos header from C:\WINDOWS\System32\bcrypt.dll
[1014/210004.734:ERROR:process_memory_win.cc(73)] ReadMemory at 0x7ffb12980000 of 64 bytes failed: 仅完成部分的 ReadProcessMemory 或 WriteProcessMemory 请求。 (0x12B)
[1014/210004.734:WARNING:pe_image_reader.cc(340)] could not read dos header from C:\WINDOWS\SYSTEM32\dbghelp.dll
[1014/210004.734:ERROR:process_memory_win.cc(73)] ReadMemory at 0x7ffb13d60000 of 64 bytes failed: 仅完成部分的 ReadProcessMemory 或 WriteProcessMemory 请求。 (0x12B)
[1014/210004.734:WARNING:pe_image_reader.cc(340)] could not read dos header from C:\WINDOWS\SYSTEM32\ncrypt.dll
[1014/210004.734:ERROR:process_memory_win.cc(73)] ReadMemory at 0x7ffb0e430000 of 64 bytes failed: 仅完成部分的 ReadProcessMemory 或 WriteProcessMemory 请求。 (0x12B)
[1014/210004.734:WARNING:pe_image_reader.cc(340)] could not read dos header from C:\WINDOWS\SYSTEM32\dhcpcsvc.DLL
[1014/210004.735:ERROR:process_memory_win.cc(73)] ReadMemory at 0x7ffb16840000 of 64 bytes failed: 仅完成部分的 ReadProcessMemory 或 WriteProcessMemory 请求。 (0x12B)
[1014/210004.735:WARNING:pe_image_reader.cc(340)] could not read dos header from C:\WINDOWS\System32\NSI.dll
[1014/210004.735:ERROR:process_memory_win.cc(73)] ReadMemory at 0x7ffb111b0000 of 64 bytes failed: 仅完成部分的 ReadProcessMemory 或 WriteProcessMemory 请求。 (0x12B)
[1014/210004.735:WARNING:pe_image_reader.cc(340)] could not read dos header from C:\WINDOWS\SYSTEM32\WINMMBASE.dll
[1014/210004.735:ERROR:process_memory_win.cc(73)] ReadMemory at 0x7ffb144b0000 of 64 bytes failed: 仅完成部分的 ReadProcessMemory 或 WriteProcessMemory 请求。 (0x12B)
[1014/210004.735:WARNING:pe_image_reader.cc(340)] could not read dos header from C:\WINDOWS\System32\cfgmgr32.dll
[1014/210004.735:ERROR:process_memory_win.cc(73)] ReadMemory at 0x7ffb0fbb0000 of 64 bytes failed: 仅完成部分的 ReadProcessMemory 或 WriteProcessMemory 请求。 (0x12B)
[1014/210004.735:WARNING:pe_image_reader.cc(340)] could not read dos header from C:\WINDOWS\SYSTEM32\PROPSYS.dll
[1014/210004.735:ERROR:process_memory_win.cc(73)] ReadMemory at 0x7ffb158a0000 of 64 bytes failed: 仅完成部分的 ReadProcessMemory 或 WriteProcessMemory 请求。 (0x12B)
[1014/210004.735:WARNING:pe_image_reader.cc(340)] could not read dos header from C:\WINDOWS\System32\shcore.dll
[1014/210004.735:ERROR:process_memory_win.cc(73)] ReadMemory at 0x7ffb13d20000 of 64 bytes failed: 仅完成部分的 ReadProcessMemory 或 WriteProcessMemory 请求。 (0x12B)
[1014/210004.735:WARNING:pe_image_reader.cc(340)] could not read dos header from C:\WINDOWS\SYSTEM32\NTASN1.dll
[1014/210004.735:ERROR:process_memory_win.cc(73)] ReadMemory at 0x7ffb14120000 of 64 bytes failed: 仅完成部分的 ReadProcessMemory 或 WriteProcessMemory 请求。 (0x12B)
[1014/210004.735:WARNING:pe_image_reader.cc(340)] could not read dos header from C:\WINDOWS\SYSTEM32\SSPICLI.DLL
[1014/210004.735:ERROR:process_memory_win.cc(73)] ReadMemory at 0x7ffb13c60000 of 64 bytes failed: 仅完成部分的 ReadProcessMemory 或 WriteProcessMemory 请求。 (0x12B)
[1014/210004.735:WARNING:pe_image_reader.cc(340)] could not read dos header from C:\WINDOWS\SYSTEM32\CRYPTBASE.DLL
[1014/210004.740:ERROR:process_memory_win.cc(73)] ReadMemory at 0x99379f0000 of 65536 bytes failed: 仅完成部分的 ReadProcessMemory 或 WriteProcessMemory 请求。 (0x12B)
[1014/210004.741:ERROR:process_memory_win.cc(73)] ReadMemory at 0x99381fe000 of 8192 bytes failed: 仅完成部分的 ReadProcessMemory 或 WriteProcessMemory 请求。 (0x12B)
[1014/210004.741:ERROR:process_memory_win.cc(73)] ReadMemory at 0x99389fd000 of 12288 bytes failed: 仅完成部分的 ReadProcessMemory 或 WriteProcessMemory 请求。 (0x12B)
[1014/210004.741:ERROR:process_memory_win.cc(73)] ReadMemory at 0x99391fd000 of 12288 bytes failed: 仅完成部分的 ReadProcessMemory 或 WriteProcessMemory 请求。 (0x12B)
[1014/210004.741:ERROR:process_memory_win.cc(73)] ReadMemory at 0x99399fc000 of 16384 bytes failed: 仅完成部分的 ReadProcessMemory 或 WriteProcessMemory 请求。 (0x12B)
[1014/210004.742:ERROR:process_memory_win.cc(73)] ReadMemory at 0x993a1fc000 of 16384 bytes failed: 仅完成部分的 ReadProcessMemory 或 WriteProcessMemory 请求。 (0x12B)
[1014/210004.742:ERROR:process_memory_win.cc(73)] ReadMemory at 0x993a9fd000 of 12288 bytes failed: 仅完成部分的 ReadProcessMemory 或 WriteProcessMemory 请求。 (0x12B)
[1014/210004.742:ERROR:process_memory_win.cc(73)] ReadMemory at 0x993b1fb000 of 20480 bytes failed: 仅完成部分的 ReadProcessMemory 或 WriteProcessMemory 请求。 (0x12B)
[1014/210004.742:ERROR:process_memory_win.cc(73)] ReadMemory at 0x993b9fd000 of 12288 bytes failed: 仅完成部分的 ReadProcessMemory 或 WriteProcessMemory 请求。 (0x12B)
[1014/210004.742:ERROR:process_memory_win.cc(73)] ReadMemory at 0x993c1fd000 of 12288 bytes failed: 仅完成部分的 ReadProcessMemory 或 WriteProcessMemory 请求。 (0x12B)
[1014/210004.742:ERROR:process_memory_win.cc(73)] ReadMemory at 0x993c9fd000 of 12288 bytes failed: 仅完成部分的 ReadProcessMemory 或 WriteProcessMemory 请求。 (0x12B)
[1014/210004.743:ERROR:process_memory_win.cc(73)] ReadMemory at 0x993d1fd000 of 12288 bytes failed: 仅完成部分的 ReadProcessMemory 或 WriteProcessMemory 请求。 (0x12B)
[1014/210004.743:ERROR:process_memory_win.cc(73)] ReadMemory at 0x993d9fd000 of 12288 bytes failed: 仅完成部分的 ReadProcessMemory 或 WriteProcessMemory 请求。 (0x12B)
[1014/210004.743:ERROR:process_memory_win.cc(73)] ReadMemory at 0x993e1fd000 of 12288 bytes failed: 仅完成部分的 ReadProcessMemory 或 WriteProcessMemory 请求。 (0x12B)
[1014/210004.743:ERROR:process_memory_win.cc(73)] ReadMemory at 0x993e9fd000 of 12288 bytes failed: 仅完成部分的 ReadProcessMemory 或 WriteProcessMemory 请求。 (0x12B)
[1014/210004.743:ERROR:process_memory_win.cc(73)] ReadMemory at 0x993f1fd000 of 12288 bytes failed: 仅完成部分的 ReadProcessMemory 或 WriteProcessMemory 请求。 (0x12B)
[1014/210004.743:ERROR:process_memory_win.cc(73)] ReadMemory at 0x993f9fc000 of 16384 bytes failed: 仅完成部分的 ReadProcessMemory 或 WriteProcessMemory 请求。 (0x12B)
[1014/210004.743:ERROR:process_memory_win.cc(73)] ReadMemory at 0x99401fd000 of 12288 bytes failed: 仅完成部分的 ReadProcessMemory 或 WriteProcessMemory 请求。 (0x12B)
[1014/210004.743:ERROR:process_memory_win.cc(73)] ReadMemory at 0x99370de000 of 852 bytes failed: 仅完成部分的 ReadProcessMemory 或 WriteProcessMemory 请求。 (0x12B)
[1014/210004.743:ERROR:process_memory_win.cc(73)] ReadMemory at 0x99370df000 of 6024 bytes failed: 仅完成部分的 ReadProcessMemory 或 WriteProcessMemory 请求。 (0x12B)
[1014/210004.744:ERROR:process_memory_win.cc(73)] ReadMemory at 0x99370e1000 of 6024 bytes failed: 仅完成部分的 ReadProcessMemory 或 WriteProcessMemory 请求。 (0x12B)
[1014/210004.744:ERROR:process_memory_win.cc(73)] ReadMemory at 0x99370e3000 of 6024 bytes failed: 仅完成部分的 ReadProcessMemory 或 WriteProcessMemory 请求。 (0x12B)
[1014/210004.744:ERROR:process_memory_win.cc(73)] ReadMemory at 0x99370e5000 of 6024 bytes failed: 仅完成部分的 ReadProcessMemory 或 WriteProcessMemory 请求。 (0x12B)
[1014/210004.744:ERROR:process_memory_win.cc(73)] ReadMemory at 0x99370e7000 of 6024 bytes failed: 仅完成部分的 ReadProcessMemory 或 WriteProcessMemory 请求。 (0x12B)
[1014/210004.744:ERROR:process_memory_win.cc(73)] ReadMemory at 0x99370e9000 of 6024 bytes failed: 仅完成部分的 ReadProcessMemory 或 WriteProcessMemory 请求。 (0x12B)
[1014/210004.744:ERROR:process_memory_win.cc(73)] ReadMemory at 0x99370eb000 of 6024 bytes failed: 仅完成部分的 ReadProcessMemory 或 WriteProcessMemory 请求。 (0x12B)
[1014/210004.744:ERROR:process_memory_win.cc(73)] ReadMemory at 0x99370ed000 of 6024 bytes failed: 仅完成部分的 ReadProcessMemory 或 WriteProcessMemory 请求。 (0x12B)
[1014/210004.744:ERROR:process_memory_win.cc(73)] ReadMemory at 0x99370ef000 of 6024 bytes failed: 仅完成部分的 ReadProcessMemory 或 WriteProcessMemory 请求。 (0x12B)
[1014/210004.744:ERROR:process_memory_win.cc(73)] ReadMemory at 0x99370f1000 of 6024 bytes failed: 仅完成部分的 ReadProcessMemory 或 WriteProcessMemory 请求。 (0x12B)
[1014/210004.745:ERROR:process_memory_win.cc(73)] ReadMemory at 0x99370f3000 of 6024 bytes failed: 仅完成部分的 ReadProcessMemory 或 WriteProcessMemory 请求。 (0x12B)
[1014/210004.745:ERROR:process_memory_win.cc(73)] ReadMemory at 0x99370f5000 of 6024 bytes failed: 仅完成部分的 ReadProcessMemory 或 WriteProcessMemory 请求。 (0x12B)
[1014/210004.745:ERROR:process_memory_win.cc(73)] ReadMemory at 0x99370f7000 of 6024 bytes failed: 仅完成部分的 ReadProcessMemory 或 WriteProcessMemory 请求。 (0x12B)
[1014/210004.745:ERROR:process_memory_win.cc(73)] ReadMemory at 0x99370f9000 of 6024 bytes failed: 仅完成部分的 ReadProcessMemory 或 WriteProcessMemory 请求。 (0x12B)
[1014/210004.745:ERROR:process_memory_win.cc(73)] ReadMemory at 0x99370fb000 of 6024 bytes failed: 仅完成部分的 ReadProcessMemory 或 WriteProcessMemory 请求。 (0x12B)
[1014/210004.745:ERROR:process_memory_win.cc(73)] ReadMemory at 0x99370fd000 of 6024 bytes failed: 仅完成部分的 ReadProcessMemory 或 WriteProcessMemory 请求。 (0x12B)
[1014/210004.745:ERROR:process_memory_win.cc(73)] ReadMemory at 0x99370ff000 of 6024 bytes failed: 仅完成部分的 ReadProcessMemory 或 WriteProcessMemory 请求。 (0x12B)
[1014/210004.745:ERROR:process_memory_win.cc(73)] ReadMemory at 0x9937101000 of 6024 bytes failed: 仅完成部分的 ReadProcessMemory 或 WriteProcessMemory 请求。 (0x12B)
[1014/210004.745:ERROR:process_memory_win.cc(73)] ReadMemory at 0x27d928502c0 of 40 bytes failed: 仅完成部分的 ReadProcessMemory 或 WriteProcessMemory 请求。 (0x12B)
[1014/210004.745:ERROR:process_memory_win.cc(73)] ReadMemory at 0x27d928602c0 of 40 bytes failed: 仅完成部分的 ReadProcessMemory 或 WriteProcessMemory 请求。 (0x12B)
[1014/210004.745:ERROR:process_memory_win.cc(73)] ReadMemory at 0x27d929602c0 of 40 bytes failed: 仅完成部分的 ReadProcessMemory 或 WriteProcessMemory 请求。 (0x12B)
[1014/210004.745:ERROR:process_memory_win.cc(73)] ReadMemory at 0x27d92971780 of 512 bytes failed: 仅完成部分的 ReadProcessMemory 或 WriteProcessMemory 请求。 (0x12B)
[1014/210004.746:ERROR:process_memory_win.cc(73)] ReadMemory at 0x27d92972b00 of 512 bytes failed: 仅完成部分的 ReadProcessMemory 或 WriteProcessMemory 请求。 (0x12B)
[1014/210004.746:ERROR:process_memory_win.cc(73)] ReadMemory at 0x27d92a302c0 of 40 bytes failed: 仅完成部分的 ReadProcessMemory 或 WriteProcessMemory 请求。 (0x12B)
[1014/210004.746:ERROR:process_memory_win.cc(73)] ReadMemory at 0x27d92a30fe0 of 5976 bytes failed: 仅完成部分的 ReadProcessMemory 或 WriteProcessMemory 请求。 (0x12B)
[1014/210004.746:ERROR:process_memory_win.cc(73)] ReadMemory at 0x27d92a32740 of 1012 bytes failed: 仅完成部分的 ReadProcessMemory 或 WriteProcessMemory 请求。 (0x12B)
[1014/210004.746:ERROR:process_memory_win.cc(73)] ReadMemory at 0x27d92a32d88 of 120 bytes failed: 仅完成部分的 ReadProcessMemory 或 WriteProcessMemory 请求。 (0x12B)
[1014/210004.746:ERROR:process_memory_win.cc(73)] ReadMemory at 0x27d92a32e02 of 760 bytes failed: 仅完成部分的 ReadProcessMemory 或 WriteProcessMemory 请求。 (0x12B)
[1014/210004.746:ERROR:process_memory_win.cc(73)] ReadMemory at 0x27d92a330fc of 120 bytes failed: 仅完成部分的 ReadProcessMemory 或 WriteProcessMemory 请求。 (0x12B)
[1014/210004.746:ERROR:process_memory_win.cc(73)] ReadMemory at 0x27d92a33176 of 100 bytes failed: 仅完成部分的 ReadProcessMemory 或 WriteProcessMemory 请求。 (0x12B)
[1014/210004.746:ERROR:process_memory_win.cc(73)] ReadMemory at 0x27d92a331f0 of 58 bytes failed: 仅完成部分的 ReadProcessMemory 或 WriteProcessMemory 请求。 (0x12B)
[1014/210004.746:ERROR:process_memory_win.cc(73)] ReadMemory at 0x27d92a332f0 of 132 bytes failed: 仅完成部分的 ReadProcessMemory 或 WriteProcessMemory 请求。 (0x12B)
[1014/210004.746:ERROR:process_memory_win.cc(73)] ReadMemory at 0x27d92a33480 of 132 bytes failed: 仅完成部分的 ReadProcessMemory 或 WriteProcessMemory 请求。 (0x12B)
[1014/210004.746:ERROR:process_memory_win.cc(73)] ReadMemory at 0x27d92a33a20 of 132 bytes failed: 仅完成部分的 ReadProcessMemory 或 WriteProcessMemory 请求。 (0x12B)
[1014/210004.746:ERROR:process_memory_win.cc(73)] ReadMemory at 0x27d92a33bb0 of 64 bytes failed: 仅完成部分的 ReadProcessMemory 或 WriteProcessMemory 请求。 (0x12B)
[1014/210004.746:ERROR:process_memory_win.cc(73)] ReadMemory at 0x27d92a33d70 of 132 bytes failed: 仅完成部分的 ReadProcessMemory 或 WriteProcessMemory 请求。 (0x12B)
[1014/210004.746:ERROR:process_memory_win.cc(73)] ReadMemory at 0x27d92a34010 of 132 bytes failed: 仅完成部分的 ReadProcessMemory 或 WriteProcessMemory 请求。 (0x12B)
[1014/210004.746:ERROR:process_memory_win.cc(73)] ReadMemory at 0x27d92a341a0 of 68 bytes failed: 仅完成部分的 ReadProcessMemory 或 WriteProcessMemory 请求。 (0x12B)
[1014/210004.746:ERROR:process_memory_win.cc(73)] ReadMemory at 0x27d92a35130 of 152 bytes failed: 仅完成部分的 ReadProcessMemory 或 WriteProcessMemory 请求。 (0x12B)
[1014/210004.746:ERROR:process_memory_win.cc(73)] ReadMemory at 0x27d92a3ff80 of 54 bytes failed: 仅完成部分的 ReadProcessMemory 或 WriteProcessMemory 请求。 (0x12B)
[1014/210004.746:ERROR:process_memory_win.cc(73)] ReadMemory at 0x27d92a40630 of 80 bytes failed: 仅完成部分的 ReadProcessMemory 或 WriteProcessMemory 请求。 (0x12B)
[1014/210004.746:ERROR:process_memory_win.cc(73)] ReadMemory at 0x27d92a408d0 of 80 bytes failed: 仅完成部分的 ReadProcessMemory 或 WriteProcessMemory 请求。 (0x12B)
[1014/210004.746:ERROR:process_memory_win.cc(73)] ReadMemory at 0x27d92a42050 of 132 bytes failed: 仅完成部分的 ReadProcessMemory 或 WriteProcessMemory 请求。 (0x12B)
[1014/210004.746:ERROR:process_memory_win.cc(73)] ReadMemory at 0x27d92a42360 of 132 bytes failed: 仅完成部分的 ReadProcessMemory 或 WriteProcessMemory 请求。 (0x12B)
[1014/210004.747:ERROR:process_memory_win.cc(73)] ReadMemory at 0x27d92a43770 of 64 bytes failed: 仅完成部分的 ReadProcessMemory 或 WriteProcessMemory 请求。 (0x12B)
[1014/210004.747:ERROR:process_memory_win.cc(73)] ReadMemory at 0x27d92a43860 of 60 bytes failed: 仅完成部分的 ReadProcessMemory 或 WriteProcessMemory 请求。 (0x12B)
[1014/210004.747:ERROR:process_memory_win.cc(73)] ReadMemory at 0x27d92a43ae0 of 60 bytes failed: 仅完成部分的 ReadProcessMemory 或 WriteProcessMemory 请求。 (0x12B)
[1014/210004.747:ERROR:process_memory_win.cc(73)] ReadMemory at 0x27d92a43c70 of 62 bytes failed: 仅完成部分的 ReadProcessMemory 或 WriteProcessMemory 请求。 (0x12B)
[1014/210004.747:ERROR:process_memory_win.cc(73)] ReadMemory at 0x27d92a44150 of 132 bytes failed: 仅完成部分的 ReadProcessMemory 或 WriteProcessMemory 请求。 (0x12B)
[1014/210004.747:ERROR:process_memory_win.cc(73)] ReadMemory at 0x27d92a44580 of 132 bytes failed: 仅完成部分的 ReadProcessMemory 或 WriteProcessMemory 请求。 (0x12B)
[1014/210004.747:ERROR:process_memory_win.cc(73)] ReadMemory at 0x27d92a450d0 of 132 bytes failed: 仅完成部分的 ReadProcessMemory 或 WriteProcessMemory 请求。 (0x12B)
[1014/210004.747:ERROR:process_memory_win.cc(73)] ReadMemory at 0x27d92a451e0 of 548 bytes failed: 仅完成部分的 ReadProcessMemory 或 WriteProcessMemory 请求。 (0x12B)
[1014/210004.747:ERROR:process_memory_win.cc(73)] ReadMemory at 0x27d92a454b0 of 132 bytes failed: 仅完成部分的 ReadProcessMemory 或 WriteProcessMemory 请求。 (0x12B)
[1014/210004.747:ERROR:process_memory_win.cc(73)] ReadMemory at 0x27d92a455e0 of 132 bytes failed: 仅完成部分的 ReadProcessMemory 或 WriteProcessMemory 请求。 (0x12B)
[1014/210004.747:ERROR:process_memory_win.cc(73)] ReadMemory at 0x27d92a45710 of 132 bytes failed: 仅完成部分的 ReadProcessMemory 或 WriteProcessMemory 请求。 (0x12B)
[1014/210004.747:ERROR:process_memory_win.cc(73)] ReadMemory at 0x27d92a45840 of 132 bytes failed: 仅完成部分的 ReadProcessMemory 或 WriteProcessMemory 请求。 (0x12B)
[1014/210004.747:ERROR:process_memory_win.cc(73)] ReadMemory at 0x27d92a45970 of 132 bytes failed: 仅完成部分的 ReadProcessMemory 或 WriteProcessMemory 请求。 (0x12B)
[1014/210004.747:ERROR:process_memory_win.cc(73)] ReadMemory at 0x27d92a45aa0 of 132 bytes failed: 仅完成部分的 ReadProcessMemory 或 WriteProcessMemory 请求。 (0x12B)
[1014/210004.747:ERROR:process_memory_win.cc(73)] ReadMemory at 0x27d92a45bd0 of 132 bytes failed: 仅完成部分的 ReadProcessMemory 或 WriteProcessMemory 请求。 (0x12B)
[1014/210004.747:ERROR:process_memory_win.cc(73)] ReadMemory at 0x27d92a45d00 of 132 bytes failed: 仅完成部分的 ReadProcessMemory 或 WriteProcessMemory 请求。 (0x12B)
[1014/210004.747:ERROR:process_memory_win.cc(73)] ReadMemory at 0x27d92a45e30 of 132 bytes failed: 仅完成部分的 ReadProcessMemory 或 WriteProcessMemory 请求。 (0x12B)
[1014/210004.747:ERROR:process_memory_win.cc(73)] ReadMemory at 0x27d92a45f60 of 132 bytes failed: 仅完成部分的 ReadProcessMemory 或 WriteProcessMemory 请求。 (0x12B)
[1014/210004.747:ERROR:process_memory_win.cc(73)] ReadMemory at 0x27d92a46090 of 132 bytes failed: 仅完成部分的 ReadProcessMemory 或 WriteProcessMemory 请求。 (0x12B)
[1014/210004.747:ERROR:process_memory_win.cc(73)] ReadMemory at 0x27d92a470d0 of 60 bytes failed: 仅完成部分的 ReadProcessMemory 或 WriteProcessMemory 请求。 (0x12B)
[1014/210004.747:ERROR:process_memory_win.cc(73)] ReadMemory at 0x27d92a47120 of 64 bytes failed: 仅完成部分的 ReadProcessMemory 或 WriteProcessMemory 请求。 (0x12B)
[1014/210004.747:ERROR:process_memory_win.cc(73)] ReadMemory at 0x27d92a47170 of 60 bytes failed: 仅完成部分的 ReadProcessMemory 或 WriteProcessMemory 请求。 (0x12B)
[1014/210004.747:ERROR:process_memory_win.cc(73)] ReadMemory at 0x27d92a471c0 of 66 bytes failed: 仅完成部分的 ReadProcessMemory 或 WriteProcessMemory 请求。 (0x12B)
[1014/210004.748:ERROR:process_memory_win.cc(73)] ReadMemory at 0x27d92a47260 of 62 bytes failed: 仅完成部分的 ReadProcessMemory 或 WriteProcessMemory 请求。 (0x12B)
[1014/210004.748:ERROR:process_memory_win.cc(73)] ReadMemory at 0x27d92a472b0 of 62 bytes failed: 仅完成部分的 ReadProcessMemory 或 WriteProcessMemory 请求。 (0x12B)
[1014/210004.748:ERROR:process_memory_win.cc(73)] ReadMemory at 0x27d92a47300 of 62 bytes failed: 仅完成部分的 ReadProcessMemory 或 WriteProcessMemory 请求。 (0x12B)
[1014/210004.748:ERROR:process_memory_win.cc(73)] ReadMemory at 0x27d92a47350 of 60 bytes failed: 仅完成部分的 ReadProcessMemory 或 WriteProcessMemory 请求。 (0x12B)
[1014/210004.748:ERROR:process_memory_win.cc(73)] ReadMemory at 0x27d92a473a0 of 62 bytes failed: 仅完成部分的 ReadProcessMemory 或 WriteProcessMemory 请求。 (0x12B)
[1014/210004.748:ERROR:process_memory_win.cc(73)] ReadMemory at 0x27d92a473f0 of 64 bytes failed: 仅完成部分的 ReadProcessMemory 或 WriteProcessMemory 请求。 (0x12B)
[1014/210004.748:ERROR:process_memory_win.cc(73)] ReadMemory at 0x27d92a47440 of 62 bytes failed: 仅完成部分的 ReadProcessMemory 或 WriteProcessMemory 请求。 (0x12B)
[1014/210004.748:ERROR:process_memory_win.cc(73)] ReadMemory at 0x27d92a47490 of 64 bytes failed: 仅完成部分的 ReadProcessMemory 或 WriteProcessMemory 请求。 (0x12B)
[1014/210004.748:ERROR:process_memory_win.cc(73)] ReadMemory at 0x27d92a474e0 of 64 bytes failed: 仅完成部分的 ReadProcessMemory 或 WriteProcessMemory 请求。 (0x12B)
[1014/210004.748:ERROR:process_memory_win.cc(73)] ReadMemory at 0x27d92a47580 of 60 bytes failed: 仅完成部分的 ReadProcessMemory 或 WriteProcessMemory 请求。 (0x12B)
[1014/210004.748:ERROR:process_memory_win.cc(73)] ReadMemory at 0x27d92a475d0 of 62 bytes failed: 仅完成部分的 ReadProcessMemory 或 WriteProcessMemory 请求。 (0x12B)
[1014/210004.748:ERROR:process_memory_win.cc(73)] ReadMemory at 0x27d92a47620 of 62 bytes failed: 仅完成部分的 ReadProcessMemory 或 WriteProcessMemory 请求。 (0x12B)
[1014/210004.748:ERROR:process_memory_win.cc(73)] ReadMemory at 0x27d92a47670 of 64 bytes failed: 仅完成部分的 ReadProcessMemory 或 WriteProcessMemory 请求。 (0x12B)
[1014/210004.748:ERROR:process_memory_win.cc(73)] ReadMemory at 0x27d92a47760 of 64 bytes failed: 仅完成部分的 ReadProcessMemory 或 WriteProcessMemory 请求。 (0x12B)
[1014/210004.748:ERROR:process_memory_win.cc(73)] ReadMemory at 0x27d92a477b0 of 58 bytes failed: 仅完成部分的 ReadProcessMemory 或 WriteProcessMemory 请求。 (0x12B)
[1014/210004.748:ERROR:process_memory_win.cc(73)] ReadMemory at 0x27d92a47800 of 60 bytes failed: 仅完成部分的 ReadProcessMemory 或 WriteProcessMemory 请求。 (0x12B)
[1014/210004.748:ERROR:process_memory_win.cc(73)] ReadMemory at 0x27d92a492b0 of 132 bytes failed: 仅完成部分的 ReadProcessMemory 或 WriteProcessMemory 请求。 (0x12B)
[1014/210004.748:ERROR:process_memory_win.cc(73)] ReadMemory at 0x27d92a494d0 of 132 bytes failed: 仅完成部分的 ReadProcessMemory 或 WriteProcessMemory 请求。 (0x12B)
[1014/210004.748:ERROR:process_memory_win.cc(73)] ReadMemory at 0x27d92a49830 of 132 bytes failed: 仅完成部分的 ReadProcessMemory 或 WriteProcessMemory 请求。 (0x12B)
[1014/210004.748:ERROR:process_memory_win.cc(73)] ReadMemory at 0x27d92a49af0 of 132 bytes failed: 仅完成部分的 ReadProcessMemory 或 WriteProcessMemory 请求。 (0x12B)
[1014/210004.748:ERROR:process_memory_win.cc(73)] ReadMemory at 0x27d92a49c20 of 144 bytes failed: 仅完成部分的 ReadProcessMemory 或 WriteProcessMemory 请求。 (0x12B)
[1014/210004.748:ERROR:process_memory_win.cc(73)] ReadMemory at 0x27d92a49d00 of 132 bytes failed: 仅完成部分的 ReadProcessMemory 或 WriteProcessMemory 请求。 (0x12B)
[1014/210004.748:ERROR:process_memory_win.cc(73)] ReadMemory at 0x27d92a4f830 of 132 bytes failed: 仅完成部分的 ReadProcessMemory 或 WriteProcessMemory 请求。 (0x12B)
[1014/210004.749:ERROR:process_memory_win.cc(73)] ReadMemory at 0x27d92a4fb10 of 132 bytes failed: 仅完成部分的 ReadProcessMemory 或 WriteProcessMemory 请求。 (0x12B)
[1014/210004.749:ERROR:process_memory_win.cc(73)] ReadMemory at 0x27d92a4fc70 of 124 bytes failed: 仅完成部分的 ReadProcessMemory 或 WriteProcessMemory 请求。 (0x12B)
[1014/210004.749:ERROR:process_memory_win.cc(73)] ReadMemory at 0x27d92a50b90 of 132 bytes failed: 仅完成部分的 ReadProcessMemory 或 WriteProcessMemory 请求。 (0x12B)
[1014/210004.749:ERROR:process_memory_win.cc(73)] ReadMemory at 0x27d92a50cc0 of 132 bytes failed: 仅完成部分的 ReadProcessMemory 或 WriteProcessMemory 请求。 (0x12B)
[1014/210004.749:ERROR:process_memory_win.cc(73)] ReadMemory at 0x27d92a50df0 of 132 bytes failed: 仅完成部分的 ReadProcessMemory 或 WriteProcessMemory 请求。 (0x12B)
[1014/210004.749:ERROR:process_memory_win.cc(73)] ReadMemory at 0x27d92a50f20 of 132 bytes failed: 仅完成部分的 ReadProcessMemory 或 WriteProcessMemory 请求。 (0x12B)
[1014/210004.749:ERROR:process_memory_win.cc(73)] ReadMemory at 0x27d92a51050 of 132 bytes failed: 仅完成部分的 ReadProcessMemory 或 WriteProcessMemory 请求。 (0x12B)
[1014/210004.749:ERROR:process_memory_win.cc(73)] ReadMemory at 0x27d92a51180 of 132 bytes failed: 仅完成部分的 ReadProcessMemory 或 WriteProcessMemory 请求。 (0x12B)
[1014/210004.749:ERROR:process_memory_win.cc(73)] ReadMemory at 0x27d92a512b0 of 132 bytes failed: 仅完成部分的 ReadProcessMemory 或 WriteProcessMemory 请求。 (0x12B)
[1014/210004.749:ERROR:process_memory_win.cc(73)] ReadMemory at 0x27d92a51510 of 132 bytes failed: 仅完成部分的 ReadProcessMemory 或 WriteProcessMemory 请求。 (0x12B)
[1014/210004.749:ERROR:process_memory_win.cc(73)] ReadMemory at 0x27d92a519d0 of 132 bytes failed: 仅完成部分的 ReadProcessMemory 或 WriteProcessMemory 请求。 (0x12B)
[1014/210004.749:ERROR:process_memory_win.cc(73)] ReadMemory at 0x27d92a52220 of 132 bytes failed: 仅完成部分的 ReadProcessMemory 或 WriteProcessMemory 请求。 (0x12B)
[1014/210004.749:ERROR:process_memory_win.cc(73)] ReadMemory at 0x27d92a52350 of 132 bytes failed: 仅完成部分的 ReadProcessMemory 或 WriteProcessMemory 请求。 (0x12B)
[1014/210004.749:ERROR:process_memory_win.cc(73)] ReadMemory at 0x27d92a55290 of 76 bytes failed: 仅完成部分的 ReadProcessMemory 或 WriteProcessMemory 请求。 (0x12B)
[1014/210004.749:ERROR:process_memory_win.cc(73)] ReadMemory at 0x27d92a56f20 of 62 bytes failed: 仅完成部分的 ReadProcessMemory 或 WriteProcessMemory 请求。 (0x12B)
[1014/210004.749:ERROR:process_memory_win.cc(73)] ReadMemory at 0x27d92a57100 of 62 bytes failed: 仅完成部分的 ReadProcessMemory 或 WriteProcessMemory 请求。 (0x12B)
[1014/210004.749:ERROR:process_memory_win.cc(73)] ReadMemory at 0x27d92a57420 of 66 bytes failed: 仅完成部分的 ReadProcessMemory 或 WriteProcessMemory 请求。 (0x12B)
[1014/210004.749:ERROR:process_memory_win.cc(73)] ReadMemory at 0x27d92a57560 of 60 bytes failed: 仅完成部分的 ReadProcessMemory 或 WriteProcessMemory 请求。 (0x12B)
[1014/210004.749:ERROR:process_memory_win.cc(73)] ReadMemory at 0x27d92a578d0 of 64 bytes failed: 仅完成部分的 ReadProcessMemory 或 WriteProcessMemory 请求。 (0x12B)
[1014/210004.749:ERROR:process_memory_win.cc(73)] ReadMemory at 0x27d92a57e70 of 60 bytes failed: 仅完成部分的 ReadProcessMemory 或 WriteProcessMemory 请求。 (0x12B)
[1014/210004.749:ERROR:process_memory_win.cc(73)] ReadMemory at 0x27d92a5c280 of 48 bytes failed: 仅完成部分的 ReadProcessMemory 或 WriteProcessMemory 请求。 (0x12B)
[1014/210004.749:ERROR:process_memory_win.cc(73)] ReadMemory at 0x27d92a5c880 of 48 bytes failed: 仅完成部分的 ReadProcessMemory 或 WriteProcessMemory 请求。 (0x12B)
[1014/210004.749:ERROR:process_memory_win.cc(73)] ReadMemory at 0x27d92a63a90 of 40 bytes failed: 仅完成部分的 ReadProcessMemory 或 WriteProcessMemory 请求。 (0x12B)
[1014/210004.749:ERROR:process_memory_win.cc(73)] ReadMemory at 0x27d92a91a70 of 512 bytes failed: 仅完成部分的 ReadProcessMemory 或 WriteProcessMemory 请求。 (0x12B)
[1014/210004.749:ERROR:process_memory_win.cc(73)] ReadMemory at 0x27d92a9ac20 of 512 bytes failed: 仅完成部分的 ReadProcessMemory 或 WriteProcessMemory 请求。 (0x12B)
[1014/210004.749:ERROR:process_memory_win.cc(73)] ReadMemory at 0x27d92a9af50 of 512 bytes failed: 仅完成部分的 ReadProcessMemory 或 WriteProcessMemory 请求。 (0x12B)
[1014/210004.750:ERROR:process_memory_win.cc(73)] ReadMemory at 0x27d92a9b640 of 512 bytes failed: 仅完成部分的 ReadProcessMemory 或 WriteProcessMemory 请求。 (0x12B)
[1014/210004.750:ERROR:process_memory_win.cc(73)] ReadMemory at 0x27d92a9b9c0 of 512 bytes failed: 仅完成部分的 ReadProcessMemory 或 WriteProcessMemory 请求。 (0x12B)
[1014/210004.750:ERROR:process_memory_win.cc(73)] ReadMemory at 0x27d92a9d0b0 of 512 bytes failed: 仅完成部分的 ReadProcessMemory 或 WriteProcessMemory 请求。 (0x12B)
[1014/210004.750:ERROR:process_memory_win.cc(73)] ReadMemory at 0x27d92aaef20 of 512 bytes failed: 仅完成部分的 ReadProcessMemory 或 WriteProcessMemory 请求。 (0x12B)
[1014/210004.750:ERROR:process_memory_win.cc(73)] ReadMemory at 0x27d92ab06c0 of 512 bytes failed: 仅完成部分的 ReadProcessMemory 或 WriteProcessMemory 请求。 (0x12B)
[1014/210004.750:ERROR:process_memory_win.cc(73)] ReadMemory at 0x27d92ac7590 of 512 bytes failed: 仅完成部分的 ReadProcessMemory 或 WriteProcessMemory 请求。 (0x12B)
[1014/210004.750:ERROR:process_memory_win.cc(73)] ReadMemory at 0x27d92ad22c0 of 712 bytes failed: 仅完成部分的 ReadProcessMemory 或 WriteProcessMemory 请求。 (0x12B)
[1014/210004.750:ERROR:process_memory_win.cc(73)] ReadMemory at 0x27d92fd02c0 of 40 bytes failed: 仅完成部分的 ReadProcessMemory 或 WriteProcessMemory 请求。 (0x12B)
[1014/210004.750:ERROR:process_memory_win.cc(73)] ReadMemory at 0x27d947a0000 of 384 bytes failed: 仅完成部分的 ReadProcessMemory 或 WriteProcessMemory 请求。 (0x12B)
[1014/210004.750:ERROR:process_memory_win.cc(73)] ReadMemory at 0x27d947a4030 of 512 bytes failed: 仅完成部分的 ReadProcessMemory 或 WriteProcessMemory 请求。 (0x12B)
[1014/210004.750:ERROR:process_memory_win.cc(73)] ReadMemory at 0x27d947a57f0 of 512 bytes failed: 仅完成部分的 ReadProcessMemory 或 WriteProcessMemory 请求。 (0x12B)
[1014/210004.750:ERROR:process_memory_win.cc(73)] ReadMemory at 0x27d947ae2e0 of 40 bytes failed: 仅完成部分的 ReadProcessMemory 或 WriteProcessMemory 请求。 (0x12B)
[1014/210004.750:ERROR:process_memory_win.cc(73)] ReadMemory at 0x27d947ae574 of 1456 bytes failed: 仅完成部分的 ReadProcessMemory 或 WriteProcessMemory 请求。 (0x12B)
[1014/210004.750:ERROR:process_memory_win.cc(73)] ReadMemory at 0x27d948a0000 of 384 bytes failed: 仅完成部分的 ReadProcessMemory 或 WriteProcessMemory 请求。 (0x12B)
[1014/210004.750:ERROR:process_memory_win.cc(73)] ReadMemory at 0x27d94b9a530 of 512 bytes failed: 仅完成部分的 ReadProcessMemory 或 WriteProcessMemory 请求。 (0x12B)
[1014/210004.750:ERROR:process_memory_win.cc(73)] ReadMemory at 0x27d9608c410 of 512 bytes failed: 仅完成部分的 ReadProcessMemory 或 WriteProcessMemory 请求。 (0x12B)
[1014/210004.750:ERROR:process_memory_win.cc(73)] ReadMemory at 0x27d9608ca90 of 512 bytes failed: 仅完成部分的 ReadProcessMemory 或 WriteProcessMemory 请求。 (0x12B)
[1014/210004.750:ERROR:process_memory_win.cc(73)] ReadMemory at 0x7928dc10028 of 512 bytes failed: 仅完成部分的 ReadProcessMemory 或 WriteProcessMemory 请求。 (0x12B)
[1014/210004.750:ERROR:process_memory_win.cc(73)] ReadMemory at 0x1f22085074a0 of 512 bytes failed: 仅完成部分的 ReadProcessMemory 或 WriteProcessMemory 请求。 (0x12B)
[1014/210004.750:ERROR:process_memory_win.cc(73)] ReadMemory at 0x1f2208774aec of 512 bytes failed: 仅完成部分的 ReadProcessMemory 或 WriteProcessMemory 请求。 (0x12B)
[1014/210004.750:ERROR:process_memory_win.cc(73)] ReadMemory at 0x460a11c48160 of 512 bytes failed: 仅完成部分的 ReadProcessMemory 或 WriteProcessMemory 请求。 (0x12B)
[1014/210004.750:ERROR:process_memory_win.cc(73)] ReadMemory at 0x7ffaae942640 of 512 bytes failed: 仅完成部分的 ReadProcessMemory 或 WriteProcessMemory 请求。 (0x12B)
[1014/210004.750:ERROR:process_memory_win.cc(73)] ReadMemory at 0x7ffaaecc8fdc of 512 bytes failed: 仅完成部分的 ReadProcessMemory 或 WriteProcessMemory 请求。 (0x12B)
[1014/210004.751:ERROR:process_memory_win.cc(73)] ReadMemory at 0x7ffab04dd8c4 of 512 bytes failed: 仅完成部分的 ReadProcessMemory 或 WriteProcessMemory 请求。 (0x12B)
[1014/210004.751:ERROR:process_memory_win.cc(73)] ReadMemory at 0x7ffab4eb4350 of 512 bytes failed: 仅完成部分的 ReadProcessMemory 或 WriteProcessMemory 请求。 (0x12B)
[1014/210004.751:ERROR:process_memory_win.cc(73)] ReadMemory at 0x7ffab52280e4 of 512 bytes failed: 仅完成部分的 ReadProcessMemory 或 WriteProcessMemory 请求。 (0x12B)
[1014/210004.751:ERROR:process_memory_win.cc(73)] ReadMemory at 0x7ffacc2aa230 of 40 bytes failed: 仅完成部分的 ReadProcessMemory 或 WriteProcessMemory 请求。 (0x12B)
[1014/210004.751:ERROR:process_memory_win.cc(73)] ReadMemory at 0x7ffb14150f20 of 40 bytes failed: 仅完成部分的 ReadProcessMemory 或 WriteProcessMemory 请求。 (0x12B)
[1014/210004.751:ERROR:process_memory_win.cc(73)] ReadMemory at 0x7ffb16987b54 of 512 bytes failed: 仅完成部分的 ReadProcessMemory 或 WriteProcessMemory 请求。 (0x12B)
[1014/210004.751:ERROR:process_memory_win.cc(73)] ReadMemory at 0x7ffb16991f80 of 512 bytes failed: 仅完成部分的 ReadProcessMemory 或 WriteProcessMemory 请求。 (0x12B)
[1014/210004.751:ERROR:process_memory_win.cc(73)] ReadMemory at 0x7ffb1741c074 of 672 bytes failed: 仅完成部分的 ReadProcessMemory 或 WriteProcessMemory 请求。 (0x12B)
[1014/210004.751:ERROR:process_memory_win.cc(73)] ReadMemory at 0x7ffb1741c674 of 512 bytes failed: 仅完成部分的 ReadProcessMemory 或 WriteProcessMemory 请求。 (0x12B)
[1014/210004.751:ERROR:process_memory_win.cc(73)] ReadMemory at 0x7ffb1741f924 of 608 bytes failed: 仅完成部分的 ReadProcessMemory 或 WriteProcessMemory 请求。 (0x12B)
[1014/210004.751:ERROR:process_memory_win.cc(73)] ReadMemory at 0x7ffb174ac428 of 18 bytes failed: 仅完成部分的 ReadProcessMemory 或 WriteProcessMemory 请求。 (0x12B)
[1014/210004.751:ERROR:process_memory_win.cc(73)] ReadMemory at 0x7ffb174df4f8 of 40 bytes failed: 仅完成部分的 ReadProcessMemory 或 WriteProcessMemory 请求。 (0x12B)
[1014/210004.751:ERROR:process_memory_win.cc(73)] ReadMemory at 0x7ffb174df560 of 48 bytes failed: 仅完成部分的 ReadProcessMemory 或 WriteProcessMemory 请求。 (0x12B)
[1014/210004.751:ERROR:process_memory_win.cc(73)] ReadMemory at 0x7ffb174df978 of 48 bytes failed: 仅完成部分的 ReadProcessMemory 或 WriteProcessMemory 请求。 (0x12B)
[1014/210004.751:ERROR:process_memory_win.cc(73)] ReadMemory at 0x7ffb174e3be0 of 40 bytes failed: 仅完成部分的 ReadProcessMemory 或 WriteProcessMemory 请求。 (0x12B)
[1014/210004.751:ERROR:process_memory_win.cc(73)] ReadMemory at 0x7ffb174e3d40 of 336 bytes failed: 仅完成部分的 ReadProcessMemory 或 WriteProcessMemory 请求。 (0x12B)
[1014/210004.751:ERROR:process_memory_win.cc(73)] ReadMemory at 0x7ffb174e53c0 of 64 bytes failed: 仅完成部分的 ReadProcessMemory 或 WriteProcessMemory 请求。 (0x12B)
[1014/210004.752:ERROR:scoped_process_suspend.cc(40)] NtResumeProcess: 已尝试访问正在退出的过程。 (0xc000010a)
[1014/210127.863:ERROR:process_info.cc(329)] VirtualQueryEx: 拒绝访问。 (0x5)
[1014/210127.865:ERROR:process_info.cc(556)] ReadMemoryInfo failed
[1014/210127.865:ERROR:scoped_process_suspend.cc(40)] NtResumeProcess: 已尝试访问正在退出的过程。 (0xc000010a)
